<?xml version="1.0" encoding="UTF-8"?>
<testsuite xmlns:xsi="http://www.w3.org/2001/XMLSchema-instance" xsi:noNamespaceSchemaLocation="https://maven.apache.org/surefire/maven-surefire-plugin/xsd/surefire-test-report-3.0.xsd" version="3.0" name="sv.edu.ues.occ.ingenieria.tpi135_2025.control.OrdenDetalleBeanTest" time="0.199" tests="14" errors="0" skipped="0" failures="0">
  <properties>
    <property name="java.specification.version" value="21"/>
    <property name="sun.jnu.encoding" value="UTF-8"/>
    <property name="java.class.path" value="/home/hdz/TPI/PupaSv/target/test-classes:/home/hdz/TPI/PupaSv/target/classes:/home/hdz/.m2/repository/jakarta/platform/jakarta.jakartaee-api/10.0.0/jakarta.jakartaee-api-10.0.0.jar:/home/hdz/.m2/repository/jakarta/platform/jakarta.jakartaee-web-api/10.0.0/jakarta.jakartaee-web-api-10.0.0.jar:/home/hdz/.m2/repository/jakarta/servlet/jakarta.servlet-api/6.0.0/jakarta.servlet-api-6.0.0.jar:/home/hdz/.m2/repository/jakarta/servlet/jsp/jakarta.servlet.jsp-api/3.1.0/jakarta.servlet.jsp-api-3.1.0.jar:/home/hdz/.m2/repository/jakarta/el/jakarta.el-api/5.0.1/jakarta.el-api-5.0.1.jar:/home/hdz/.m2/repository/jakarta/servlet/jsp/jstl/jakarta.servlet.jsp.jstl-api/3.0.0/jakarta.servlet.jsp.jstl-api-3.0.0.jar:/home/hdz/.m2/repository/jakarta/faces/jakarta.faces-api/4.0.1/jakarta.faces-api-4.0.1.jar:/home/hdz/.m2/repository/jakarta/websocket/jakarta.websocket-api/2.1.0/jakarta.websocket-api-2.1.0.jar:/home/hdz/.m2/repository/jakarta/websocket/jakarta.websocket-client-api/2.1.0/jakarta.websocket-client-api-2.1.0.jar:/home/hdz/.m2/repository/jakarta/ejb/jakarta.ejb-api/4.0.1/jakarta.ejb-api-4.0.1.jar:/home/hdz/.m2/repository/jakarta/transaction/jakarta.transaction-api/2.0.1/jakarta.transaction-api-2.0.1.jar:/home/hdz/.m2/repository/jakarta/validation/jakarta.validation-api/3.0.2/jakarta.validation-api-3.0.2.jar:/home/hdz/.m2/repository/jakarta/interceptor/jakarta.interceptor-api/2.1.0/jakarta.interceptor-api-2.1.0.jar:/home/hdz/.m2/repository/jakarta/enterprise/jakarta.enterprise.cdi-api/4.0.1/jakarta.enterprise.cdi-api-4.0.1.jar:/home/hdz/.m2/repository/jakarta/enterprise/jakarta.enterprise.lang-model/4.0.1/jakarta.enterprise.lang-model-4.0.1.jar:/home/hdz/.m2/repository/jakarta/authentication/jakarta.authentication-api/3.0.0/jakarta.authentication-api-3.0.0.jar:/home/hdz/.m2/repository/jakarta/security/enterprise/jakarta.security.enterprise-api/3.0.0/jakarta.security.enterprise-api-3.0.0.jar:/home/hdz/.m2/repository/jakarta/jms/jakarta.jms-api/3.1.0/jakarta.jms-api-3.1.0.jar:/home/hdz/.m2/repository/jakarta/activation/jakarta.activation-api/2.1.0/jakarta.activation-api-2.1.0.jar:/home/hdz/.m2/repository/jakarta/mail/jakarta.mail-api/2.1.0/jakarta.mail-api-2.1.0.jar:/home/hdz/.m2/repository/jakarta/resource/jakarta.resource-api/2.1.0/jakarta.resource-api-2.1.0.jar:/home/hdz/.m2/repository/jakarta/authorization/jakarta.authorization-api/2.1.0/jakarta.authorization-api-2.1.0.jar:/home/hdz/.m2/repository/jakarta/batch/jakarta.batch-api/2.1.1/jakarta.batch-api-2.1.1.jar:/home/hdz/.m2/repository/com/fasterxml/jackson/core/jackson-databind/2.17.1/jackson-databind-2.17.1.jar:/home/hdz/.m2/repository/com/fasterxml/jackson/core/jackson-annotations/2.17.1/jackson-annotations-2.17.1.jar:/home/hdz/.m2/repository/com/fasterxml/jackson/core/jackson-core/2.17.1/jackson-core-2.17.1.jar:/home/hdz/.m2/repository/org/mockito/mockito-core/5.12.0/mockito-core-5.12.0.jar:/home/hdz/.m2/repository/net/bytebuddy/byte-buddy/1.14.15/byte-buddy-1.14.15.jar:/home/hdz/.m2/repository/net/bytebuddy/byte-buddy-agent/1.14.15/byte-buddy-agent-1.14.15.jar:/home/hdz/.m2/repository/org/objenesis/objenesis/3.3/objenesis-3.3.jar:/home/hdz/.m2/repository/org/mockito/mockito-junit-jupiter/5.12.0/mockito-junit-jupiter-5.12.0.jar:/home/hdz/.m2/repository/org/junit/jupiter/junit-jupiter-api/5.10.2/junit-jupiter-api-5.10.2.jar:/home/hdz/.m2/repository/org/opentest4j/opentest4j/1.3.0/opentest4j-1.3.0.jar:/home/hdz/.m2/repository/org/junit/platform/junit-platform-commons/1.10.2/junit-platform-commons-1.10.2.jar:/home/hdz/.m2/repository/org/apiguardian/apiguardian-api/1.1.2/apiguardian-api-1.1.2.jar:/home/hdz/.m2/repository/org/junit/jupiter/junit-jupiter-engine/5.10.2/junit-jupiter-engine-5.10.2.jar:/home/hdz/.m2/repository/org/junit/platform/junit-platform-engine/1.10.2/junit-platform-engine-1.10.2.jar:/home/hdz/.m2/repository/org/glassfish/jersey/core/jersey-client/3.1.3/jersey-client-3.1.3.jar:/home/hdz/.m2/repository/jakarta/ws/rs/jakarta.ws.rs-api/3.1.0/jakarta.ws.rs-api-3.1.0.jar:/home/hdz/.m2/repository/jakarta/inject/jakarta.inject-api/2.0.1/jakarta.inject-api-2.0.1.jar:/home/hdz/.m2/repository/org/glassfish/jersey/core/jersey-common/3.1.3/jersey-common-3.1.3.jar:/home/hdz/.m2/repository/jakarta/annotation/jakarta.annotation-api/2.1.1/jakarta.annotation-api-2.1.1.jar:/home/hdz/.m2/repository/org/glassfish/hk2/osgi-resource-locator/1.0.3/osgi-resource-locator-1.0.3.jar:/home/hdz/.m2/repository/org/glassfish/jersey/media/jersey-media-json-binding/3.1.3/jersey-media-json-binding-3.1.3.jar:/home/hdz/.m2/repository/jakarta/json/jakarta.json-api/2.1.2/jakarta.json-api-2.1.2.jar:/home/hdz/.m2/repository/jakarta/json/bind/jakarta.json.bind-api/3.0.0/jakarta.json.bind-api-3.0.0.jar:/home/hdz/.m2/repository/org/eclipse/parsson/parsson/1.1.1/parsson-1.1.1.jar:/home/hdz/.m2/repository/org/eclipse/yasson/3.0.3/yasson-3.0.3.jar:/home/hdz/.m2/repository/org/glassfish/jersey/media/jersey-media-jaxb/3.1.2/jersey-media-jaxb-3.1.2.jar:/home/hdz/.m2/repository/org/testcontainers/junit-jupiter/1.20.4/junit-jupiter-1.20.4.jar:/home/hdz/.m2/repository/org/testcontainers/testcontainers/1.20.4/testcontainers-1.20.4.jar:/home/hdz/.m2/repository/junit/junit/4.13.2/junit-4.13.2.jar:/home/hdz/.m2/repository/org/hamcrest/hamcrest-core/1.3/hamcrest-core-1.3.jar:/home/hdz/.m2/repository/org/slf4j/slf4j-api/1.7.36/slf4j-api-1.7.36.jar:/home/hdz/.m2/repository/org/apache/commons/commons-compress/1.24.0/commons-compress-1.24.0.jar:/home/hdz/.m2/repository/org/rnorth/duct-tape/duct-tape/1.0.8/duct-tape-1.0.8.jar:/home/hdz/.m2/repository/org/jetbrains/annotations/17.0.0/annotations-17.0.0.jar:/home/hdz/.m2/repository/com/github/docker-java/docker-java-api/3.4.0/docker-java-api-3.4.0.jar:/home/hdz/.m2/repository/com/github/docker-java/docker-java-transport-zerodep/3.4.0/docker-java-transport-zerodep-3.4.0.jar:/home/hdz/.m2/repository/com/github/docker-java/docker-java-transport/3.4.0/docker-java-transport-3.4.0.jar:/home/hdz/.m2/repository/net/java/dev/jna/jna/5.13.0/jna-5.13.0.jar:/home/hdz/.m2/repository/org/testcontainers/postgresql/1.20.4/postgresql-1.20.4.jar:/home/hdz/.m2/repository/org/testcontainers/jdbc/1.20.4/jdbc-1.20.4.jar:/home/hdz/.m2/repository/org/testcontainers/database-commons/1.20.4/database-commons-1.20.4.jar:/home/hdz/.m2/repository/org/eclipse/persistence/org.eclipse.persistence.jpa/4.0.5/org.eclipse.persistence.jpa-4.0.5.jar:/home/hdz/.m2/repository/org/eclipse/persistence/org.eclipse.persistence.asm/9.7.1/org.eclipse.persistence.asm-9.7.1.jar:/home/hdz/.m2/repository/org/eclipse/persistence/org.eclipse.persistence.core/4.0.5/org.eclipse.persistence.core-4.0.5.jar:/home/hdz/.m2/repository/org/eclipse/persistence/org.eclipse.persistence.jpa.jpql/4.0.5/org.eclipse.persistence.jpa.jpql-4.0.5.jar:/home/hdz/.m2/repository/jakarta/persistence/jakarta.persistence-api/3.1.0/jakarta.persistence-api-3.1.0.jar:/home/hdz/.m2/repository/org/postgresql/postgresql/42.7.3/postgresql-42.7.3.jar:/home/hdz/.m2/repository/org/checkerframework/checker-qual/3.42.0/checker-qual-3.42.0.jar:/home/hdz/.m2/repository/org/slf4j/slf4j-simple/1.7.36/slf4j-simple-1.7.36.jar:"/>
    <property name="java.vm.vendor" value="Oracle Corporation"/>
    <property name="sun.arch.data.model" value="64"/>
    <property name="java.vendor.url" value="https://java.oracle.com/"/>
    <property name="user.timezone" value="America/El_Salvador"/>
    <property name="os.name" value="Linux"/>
    <property name="java.vm.specification.version" value="21"/>
    <property name="user.country" value="ES"/>
    <property name="sun.java.launcher" value="SUN_STANDARD"/>
    <property name="sun.boot.library.path" value="/usr/lib/jvm/jdk-21.0.4-oracle-x64/lib"/>
    <property name="sun.java.command" value="/home/hdz/TPI/PupaSv/target/surefire/surefirebooter-20250414222016367_3.jar /home/hdz/TPI/PupaSv/target/surefire 2025-04-14T22-20-16_278-jvmRun1 surefire-20250414222016367_1tmp surefire_0-20250414222016367_2tmp"/>
    <property name="jdk.debug" value="release"/>
    <property name="surefire.test.class.path" value="/home/hdz/TPI/PupaSv/target/test-classes:/home/hdz/TPI/PupaSv/target/classes:/home/hdz/.m2/repository/jakarta/platform/jakarta.jakartaee-api/10.0.0/jakarta.jakartaee-api-10.0.0.jar:/home/hdz/.m2/repository/jakarta/platform/jakarta.jakartaee-web-api/10.0.0/jakarta.jakartaee-web-api-10.0.0.jar:/home/hdz/.m2/repository/jakarta/servlet/jakarta.servlet-api/6.0.0/jakarta.servlet-api-6.0.0.jar:/home/hdz/.m2/repository/jakarta/servlet/jsp/jakarta.servlet.jsp-api/3.1.0/jakarta.servlet.jsp-api-3.1.0.jar:/home/hdz/.m2/repository/jakarta/el/jakarta.el-api/5.0.1/jakarta.el-api-5.0.1.jar:/home/hdz/.m2/repository/jakarta/servlet/jsp/jstl/jakarta.servlet.jsp.jstl-api/3.0.0/jakarta.servlet.jsp.jstl-api-3.0.0.jar:/home/hdz/.m2/repository/jakarta/faces/jakarta.faces-api/4.0.1/jakarta.faces-api-4.0.1.jar:/home/hdz/.m2/repository/jakarta/websocket/jakarta.websocket-api/2.1.0/jakarta.websocket-api-2.1.0.jar:/home/hdz/.m2/repository/jakarta/websocket/jakarta.websocket-client-api/2.1.0/jakarta.websocket-client-api-2.1.0.jar:/home/hdz/.m2/repository/jakarta/ejb/jakarta.ejb-api/4.0.1/jakarta.ejb-api-4.0.1.jar:/home/hdz/.m2/repository/jakarta/transaction/jakarta.transaction-api/2.0.1/jakarta.transaction-api-2.0.1.jar:/home/hdz/.m2/repository/jakarta/validation/jakarta.validation-api/3.0.2/jakarta.validation-api-3.0.2.jar:/home/hdz/.m2/repository/jakarta/interceptor/jakarta.interceptor-api/2.1.0/jakarta.interceptor-api-2.1.0.jar:/home/hdz/.m2/repository/jakarta/enterprise/jakarta.enterprise.cdi-api/4.0.1/jakarta.enterprise.cdi-api-4.0.1.jar:/home/hdz/.m2/repository/jakarta/enterprise/jakarta.enterprise.lang-model/4.0.1/jakarta.enterprise.lang-model-4.0.1.jar:/home/hdz/.m2/repository/jakarta/authentication/jakarta.authentication-api/3.0.0/jakarta.authentication-api-3.0.0.jar:/home/hdz/.m2/repository/jakarta/security/enterprise/jakarta.security.enterprise-api/3.0.0/jakarta.security.enterprise-api-3.0.0.jar:/home/hdz/.m2/repository/jakarta/jms/jakarta.jms-api/3.1.0/jakarta.jms-api-3.1.0.jar:/home/hdz/.m2/repository/jakarta/activation/jakarta.activation-api/2.1.0/jakarta.activation-api-2.1.0.jar:/home/hdz/.m2/repository/jakarta/mail/jakarta.mail-api/2.1.0/jakarta.mail-api-2.1.0.jar:/home/hdz/.m2/repository/jakarta/resource/jakarta.resource-api/2.1.0/jakarta.resource-api-2.1.0.jar:/home/hdz/.m2/repository/jakarta/authorization/jakarta.authorization-api/2.1.0/jakarta.authorization-api-2.1.0.jar:/home/hdz/.m2/repository/jakarta/batch/jakarta.batch-api/2.1.1/jakarta.batch-api-2.1.1.jar:/home/hdz/.m2/repository/com/fasterxml/jackson/core/jackson-databind/2.17.1/jackson-databind-2.17.1.jar:/home/hdz/.m2/repository/com/fasterxml/jackson/core/jackson-annotations/2.17.1/jackson-annotations-2.17.1.jar:/home/hdz/.m2/repository/com/fasterxml/jackson/core/jackson-core/2.17.1/jackson-core-2.17.1.jar:/home/hdz/.m2/repository/org/mockito/mockito-core/5.12.0/mockito-core-5.12.0.jar:/home/hdz/.m2/repository/net/bytebuddy/byte-buddy/1.14.15/byte-buddy-1.14.15.jar:/home/hdz/.m2/repository/net/bytebuddy/byte-buddy-agent/1.14.15/byte-buddy-agent-1.14.15.jar:/home/hdz/.m2/repository/org/objenesis/objenesis/3.3/objenesis-3.3.jar:/home/hdz/.m2/repository/org/mockito/mockito-junit-jupiter/5.12.0/mockito-junit-jupiter-5.12.0.jar:/home/hdz/.m2/repository/org/junit/jupiter/junit-jupiter-api/5.10.2/junit-jupiter-api-5.10.2.jar:/home/hdz/.m2/repository/org/opentest4j/opentest4j/1.3.0/opentest4j-1.3.0.jar:/home/hdz/.m2/repository/org/junit/platform/junit-platform-commons/1.10.2/junit-platform-commons-1.10.2.jar:/home/hdz/.m2/repository/org/apiguardian/apiguardian-api/1.1.2/apiguardian-api-1.1.2.jar:/home/hdz/.m2/repository/org/junit/jupiter/junit-jupiter-engine/5.10.2/junit-jupiter-engine-5.10.2.jar:/home/hdz/.m2/repository/org/junit/platform/junit-platform-engine/1.10.2/junit-platform-engine-1.10.2.jar:/home/hdz/.m2/repository/org/glassfish/jersey/core/jersey-client/3.1.3/jersey-client-3.1.3.jar:/home/hdz/.m2/repository/jakarta/ws/rs/jakarta.ws.rs-api/3.1.0/jakarta.ws.rs-api-3.1.0.jar:/home/hdz/.m2/repository/jakarta/inject/jakarta.inject-api/2.0.1/jakarta.inject-api-2.0.1.jar:/home/hdz/.m2/repository/org/glassfish/jersey/core/jersey-common/3.1.3/jersey-common-3.1.3.jar:/home/hdz/.m2/repository/jakarta/annotation/jakarta.annotation-api/2.1.1/jakarta.annotation-api-2.1.1.jar:/home/hdz/.m2/repository/org/glassfish/hk2/osgi-resource-locator/1.0.3/osgi-resource-locator-1.0.3.jar:/home/hdz/.m2/repository/org/glassfish/jersey/media/jersey-media-json-binding/3.1.3/jersey-media-json-binding-3.1.3.jar:/home/hdz/.m2/repository/jakarta/json/jakarta.json-api/2.1.2/jakarta.json-api-2.1.2.jar:/home/hdz/.m2/repository/jakarta/json/bind/jakarta.json.bind-api/3.0.0/jakarta.json.bind-api-3.0.0.jar:/home/hdz/.m2/repository/org/eclipse/parsson/parsson/1.1.1/parsson-1.1.1.jar:/home/hdz/.m2/repository/org/eclipse/yasson/3.0.3/yasson-3.0.3.jar:/home/hdz/.m2/repository/org/glassfish/jersey/media/jersey-media-jaxb/3.1.2/jersey-media-jaxb-3.1.2.jar:/home/hdz/.m2/repository/org/testcontainers/junit-jupiter/1.20.4/junit-jupiter-1.20.4.jar:/home/hdz/.m2/repository/org/testcontainers/testcontainers/1.20.4/testcontainers-1.20.4.jar:/home/hdz/.m2/repository/junit/junit/4.13.2/junit-4.13.2.jar:/home/hdz/.m2/repository/org/hamcrest/hamcrest-core/1.3/hamcrest-core-1.3.jar:/home/hdz/.m2/repository/org/slf4j/slf4j-api/1.7.36/slf4j-api-1.7.36.jar:/home/hdz/.m2/repository/org/apache/commons/commons-compress/1.24.0/commons-compress-1.24.0.jar:/home/hdz/.m2/repository/org/rnorth/duct-tape/duct-tape/1.0.8/duct-tape-1.0.8.jar:/home/hdz/.m2/repository/org/jetbrains/annotations/17.0.0/annotations-17.0.0.jar:/home/hdz/.m2/repository/com/github/docker-java/docker-java-api/3.4.0/docker-java-api-3.4.0.jar:/home/hdz/.m2/repository/com/github/docker-java/docker-java-transport-zerodep/3.4.0/docker-java-transport-zerodep-3.4.0.jar:/home/hdz/.m2/repository/com/github/docker-java/docker-java-transport/3.4.0/docker-java-transport-3.4.0.jar:/home/hdz/.m2/repository/net/java/dev/jna/jna/5.13.0/jna-5.13.0.jar:/home/hdz/.m2/repository/org/testcontainers/postgresql/1.20.4/postgresql-1.20.4.jar:/home/hdz/.m2/repository/org/testcontainers/jdbc/1.20.4/jdbc-1.20.4.jar:/home/hdz/.m2/repository/org/testcontainers/database-commons/1.20.4/database-commons-1.20.4.jar:/home/hdz/.m2/repository/org/eclipse/persistence/org.eclipse.persistence.jpa/4.0.5/org.eclipse.persistence.jpa-4.0.5.jar:/home/hdz/.m2/repository/org/eclipse/persistence/org.eclipse.persistence.asm/9.7.1/org.eclipse.persistence.asm-9.7.1.jar:/home/hdz/.m2/repository/org/eclipse/persistence/org.eclipse.persistence.core/4.0.5/org.eclipse.persistence.core-4.0.5.jar:/home/hdz/.m2/repository/org/eclipse/persistence/org.eclipse.persistence.jpa.jpql/4.0.5/org.eclipse.persistence.jpa.jpql-4.0.5.jar:/home/hdz/.m2/repository/jakarta/persistence/jakarta.persistence-api/3.1.0/jakarta.persistence-api-3.1.0.jar:/home/hdz/.m2/repository/org/postgresql/postgresql/42.7.3/postgresql-42.7.3.jar:/home/hdz/.m2/repository/org/checkerframework/checker-qual/3.42.0/checker-qual-3.42.0.jar:/home/hdz/.m2/repository/org/slf4j/slf4j-simple/1.7.36/slf4j-simple-1.7.36.jar:"/>
    <property name="sun.cpu.endian" value="little"/>
    <property name="user.home" value="/home/hdz"/>
    <property name="user.language" value="es"/>
    <property name="java.specification.vendor" value="Oracle Corporation"/>
    <property name="java.version.date" value="2024-07-16"/>
    <property name="java.home" value="/usr/lib/jvm/jdk-21.0.4-oracle-x64"/>
    <property name="file.separator" value="/"/>
    <property name="basedir" value="/home/hdz/TPI/PupaSv"/>
    <property name="java.vm.compressedOopsMode" value="Zero based"/>
    <property name="line.separator" value="&#10;"/>
    <property name="java.specification.name" value="Java Platform API Specification"/>
    <property name="java.vm.specification.vendor" value="Oracle Corporation"/>
    <property name="surefire.real.class.path" value="/home/hdz/TPI/PupaSv/target/surefire/surefirebooter-20250414222016367_3.jar"/>
    <property name="sun.management.compiler" value="HotSpot 64-Bit Tiered Compilers"/>
    <property name="java.runtime.version" value="21.0.4+8-LTS-274"/>
    <property name="user.name" value="hdz"/>
    <property name="stdout.encoding" value="UTF-8"/>
    <property name="path.separator" value=":"/>
    <property name="os.version" value="6.1.0-32-amd64"/>
    <property name="java.runtime.name" value="Java(TM) SE Runtime Environment"/>
    <property name="file.encoding" value="UTF-8"/>
    <property name="java.vm.name" value="Java HotSpot(TM) 64-Bit Server VM"/>
    <property name="maven.ext.class.path" value="/usr/lib/apache-netbeans/java/maven-nblib/netbeans-eventspy.jar"/>
    <property name="localRepository" value="/home/hdz/.m2/repository"/>
    <property name="java.vendor.url.bug" value="https://bugreport.java.com/bugreport/"/>
    <property name="java.io.tmpdir" value="/tmp"/>
    <property name="java.version" value="21.0.4"/>
    <property name="user.dir" value="/home/hdz/TPI/PupaSv"/>
    <property name="os.arch" value="amd64"/>
    <property name="java.vm.specification.name" value="Java Virtual Machine Specification"/>
    <property name="native.encoding" value="UTF-8"/>
    <property name="java.library.path" value="/usr/java/packages/lib:/usr/lib64:/lib64:/lib:/usr/lib"/>
    <property name="java.vm.info" value="mixed mode, sharing"/>
    <property name="stderr.encoding" value="UTF-8"/>
    <property name="java.vendor" value="Oracle Corporation"/>
    <property name="java.vm.version" value="21.0.4+8-LTS-274"/>
    <property name="sun.io.unicode.encoding" value="UnicodeLittle"/>
    <property name="java.class.version" value="65.0"/>
  </properties>
  <testcase name="testGenerarOrdenDetalleProductoProductoInvalido" classname="sv.edu.ues.occ.ingenieria.tpi135_2025.control.OrdenDetalleBeanTest" time="0.069">
    <system-out><![CDATA[Test de generarOrdenDetalleProductoProductoProductoInvalido
]]></system-out>
  </testcase>
  <testcase name="testGenerarOrdenDetalleDesdeCombo" classname="sv.edu.ues.occ.ingenieria.tpi135_2025.control.OrdenDetalleBeanTest" time="0.013">
    <system-out><![CDATA[test de GenerarOrdenDetalleDesdeCombo
]]></system-out>
  </testcase>
  <testcase name="testGenerarOrdenDetalleProducto" classname="sv.edu.ues.occ.ingenieria.tpi135_2025.control.OrdenDetalleBeanTest" time="0.006">
    <system-out><![CDATA[Test de generarOrdenDetalleProducto
]]></system-out>
  </testcase>
  <testcase name="testCountByIdOrden" classname="sv.edu.ues.occ.ingenieria.tpi135_2025.control.OrdenDetalleBeanTest" time="0.005">
    <system-out><![CDATA[Test de countByIdOrden
]]></system-out>
  </testcase>
  <testcase name="testOrderParameterQuery" classname="sv.edu.ues.occ.ingenieria.tpi135_2025.control.OrdenDetalleBeanTest" time="0.004">
    <system-out><![CDATA[Test de OrderParameterQuery
]]></system-out>
  </testcase>
  <testcase name="testGenerarOrdenDetalleProductoOrdenInvalida" classname="sv.edu.ues.occ.ingenieria.tpi135_2025.control.OrdenDetalleBeanTest" time="0.021">
    <system-out><![CDATA[Test de generarOrdenDetalleProductoOrdenInvalida
]]></system-out>
  </testcase>
  <testcase name="findByIdOrdenAndIdPrecioProducto_noResult_returnsNull" classname="sv.edu.ues.occ.ingenieria.tpi135_2025.control.OrdenDetalleBeanTest" time="0.011">
    <system-err><![CDATA[abr 14, 2025 10:20:23 P. M. sv.edu.ues.occ.ingenieria.tpi135_2025.control.OrdenDetalleBean findByIdOrdenAndIdPrecioProducto
SEVERE: null
jakarta.persistence.NoResultException
	at sv.edu.ues.occ.ingenieria.tpi135_2025.control.OrdenDetalleBean.findByIdOrdenAndIdPrecioProducto(OrdenDetalleBean.java:54)
	at sv.edu.ues.occ.ingenieria.tpi135_2025.control.OrdenDetalleBeanTest.findByIdOrdenAndIdPrecioProducto_noResult_returnsNull(OrdenDetalleBeanTest.java:88)
	at java.base/jdk.internal.reflect.DirectMethodHandleAccessor.invoke(DirectMethodHandleAccessor.java:103)
	at java.base/java.lang.reflect.Method.invoke(Method.java:580)
	at org.junit.platform.commons.util.ReflectionUtils.invokeMethod(ReflectionUtils.java:728)
	at org.junit.jupiter.engine.execution.MethodInvocation.proceed(MethodInvocation.java:60)
	at org.junit.jupiter.engine.execution.InvocationInterceptorChain$ValidatingInvocation.proceed(InvocationInterceptorChain.java:131)
	at org.junit.jupiter.engine.extension.TimeoutExtension.intercept(TimeoutExtension.java:156)
	at org.junit.jupiter.engine.extension.TimeoutExtension.interceptTestableMethod(TimeoutExtension.java:147)
	at org.junit.jupiter.engine.extension.TimeoutExtension.interceptTestMethod(TimeoutExtension.java:86)
	at org.junit.jupiter.engine.execution.InterceptingExecutableInvoker$ReflectiveInterceptorCall.lambda$ofVoidMethod$0(InterceptingExecutableInvoker.java:103)
	at org.junit.jupiter.engine.execution.InterceptingExecutableInvoker.lambda$invoke$0(InterceptingExecutableInvoker.java:93)
	at org.junit.jupiter.engine.execution.InvocationInterceptorChain$InterceptedInvocation.proceed(InvocationInterceptorChain.java:106)
	at org.junit.jupiter.engine.execution.InvocationInterceptorChain.proceed(InvocationInterceptorChain.java:64)
	at org.junit.jupiter.engine.execution.InvocationInterceptorChain.chainAndInvoke(InvocationInterceptorChain.java:45)
	at org.junit.jupiter.engine.execution.InvocationInterceptorChain.invoke(InvocationInterceptorChain.java:37)
	at org.junit.jupiter.engine.execution.InterceptingExecutableInvoker.invoke(InterceptingExecutableInvoker.java:92)
	at org.junit.jupiter.engine.execution.InterceptingExecutableInvoker.invoke(InterceptingExecutableInvoker.java:86)
	at org.junit.jupiter.engine.descriptor.TestMethodTestDescriptor.lambda$invokeTestMethod$7(TestMethodTestDescriptor.java:218)
	at org.junit.platform.engine.support.hierarchical.ThrowableCollector.execute(ThrowableCollector.java:73)
	at org.junit.jupiter.engine.descriptor.TestMethodTestDescriptor.invokeTestMethod(TestMethodTestDescriptor.java:214)
	at org.junit.jupiter.engine.descriptor.TestMethodTestDescriptor.execute(TestMethodTestDescriptor.java:139)
	at org.junit.jupiter.engine.descriptor.TestMethodTestDescriptor.execute(TestMethodTestDescriptor.java:69)
	at org.junit.platform.engine.support.hierarchical.NodeTestTask.lambda$executeRecursively$6(NodeTestTask.java:151)
	at org.junit.platform.engine.support.hierarchical.ThrowableCollector.execute(ThrowableCollector.java:73)
	at org.junit.platform.engine.support.hierarchical.NodeTestTask.lambda$executeRecursively$8(NodeTestTask.java:141)
	at org.junit.platform.engine.support.hierarchical.Node.around(Node.java:137)
	at org.junit.platform.engine.support.hierarchical.NodeTestTask.lambda$executeRecursively$9(NodeTestTask.java:139)
	at org.junit.platform.engine.support.hierarchical.ThrowableCollector.execute(ThrowableCollector.java:73)
	at org.junit.platform.engine.support.hierarchical.NodeTestTask.executeRecursively(NodeTestTask.java:138)
	at org.junit.platform.engine.support.hierarchical.NodeTestTask.execute(NodeTestTask.java:95)
	at java.base/java.util.ArrayList.forEach(ArrayList.java:1596)
	at org.junit.platform.engine.support.hierarchical.SameThreadHierarchicalTestExecutorService.invokeAll(SameThreadHierarchicalTestExecutorService.java:41)
	at org.junit.platform.engine.support.hierarchical.NodeTestTask.lambda$executeRecursively$6(NodeTestTask.java:155)
	at org.junit.platform.engine.support.hierarchical.ThrowableCollector.execute(ThrowableCollector.java:73)
	at org.junit.platform.engine.support.hierarchical.NodeTestTask.lambda$executeRecursively$8(NodeTestTask.java:141)
	at org.junit.platform.engine.support.hierarchical.Node.around(Node.java:137)
	at org.junit.platform.engine.support.hierarchical.NodeTestTask.lambda$executeRecursively$9(NodeTestTask.java:139)
	at org.junit.platform.engine.support.hierarchical.ThrowableCollector.execute(ThrowableCollector.java:73)
	at org.junit.platform.engine.support.hierarchical.NodeTestTask.executeRecursively(NodeTestTask.java:138)
	at org.junit.platform.engine.support.hierarchical.NodeTestTask.execute(NodeTestTask.java:95)
	at java.base/java.util.ArrayList.forEach(ArrayList.java:1596)
	at org.junit.platform.engine.support.hierarchical.SameThreadHierarchicalTestExecutorService.invokeAll(SameThreadHierarchicalTestExecutorService.java:41)
	at org.junit.platform.engine.support.hierarchical.NodeTestTask.lambda$executeRecursively$6(NodeTestTask.java:155)
	at org.junit.platform.engine.support.hierarchical.ThrowableCollector.execute(ThrowableCollector.java:73)
	at org.junit.platform.engine.support.hierarchical.NodeTestTask.lambda$executeRecursively$8(NodeTestTask.java:141)
	at org.junit.platform.engine.support.hierarchical.Node.around(Node.java:137)
	at org.junit.platform.engine.support.hierarchical.NodeTestTask.lambda$executeRecursively$9(NodeTestTask.java:139)
	at org.junit.platform.engine.support.hierarchical.ThrowableCollector.execute(ThrowableCollector.java:73)
	at org.junit.platform.engine.support.hierarchical.NodeTestTask.executeRecursively(NodeTestTask.java:138)
	at org.junit.platform.engine.support.hierarchical.NodeTestTask.execute(NodeTestTask.java:95)
	at org.junit.platform.engine.support.hierarchical.SameThreadHierarchicalTestExecutorService.submit(SameThreadHierarchicalTestExecutorService.java:35)
	at org.junit.platform.engine.support.hierarchical.HierarchicalTestExecutor.execute(HierarchicalTestExecutor.java:57)
	at org.junit.platform.engine.support.hierarchical.HierarchicalTestEngine.execute(HierarchicalTestEngine.java:54)
	at org.junit.platform.launcher.core.EngineExecutionOrchestrator.execute(EngineExecutionOrchestrator.java:198)
	at org.junit.platform.launcher.core.EngineExecutionOrchestrator.execute(EngineExecutionOrchestrator.java:169)
	at org.junit.platform.launcher.core.EngineExecutionOrchestrator.execute(EngineExecutionOrchestrator.java:93)
	at org.junit.platform.launcher.core.EngineExecutionOrchestrator.lambda$execute$0(EngineExecutionOrchestrator.java:58)
	at org.junit.platform.launcher.core.EngineExecutionOrchestrator.withInterceptedStreams(EngineExecutionOrchestrator.java:141)
	at org.junit.platform.launcher.core.EngineExecutionOrchestrator.execute(EngineExecutionOrchestrator.java:57)
	at org.junit.platform.launcher.core.DefaultLauncher.execute(DefaultLauncher.java:103)
	at org.junit.platform.launcher.core.DefaultLauncher.execute(DefaultLauncher.java:85)
	at org.junit.platform.launcher.core.DelegatingLauncher.execute(DelegatingLauncher.java:47)
	at org.apache.maven.surefire.junitplatform.LazyLauncher.execute(LazyLauncher.java:56)
	at org.apache.maven.surefire.junitplatform.JUnitPlatformProvider.execute(JUnitPlatformProvider.java:184)
	at org.apache.maven.surefire.junitplatform.JUnitPlatformProvider.invokeAllTests(JUnitPlatformProvider.java:148)
	at org.apache.maven.surefire.junitplatform.JUnitPlatformProvider.invoke(JUnitPlatformProvider.java:122)
	at org.apache.maven.surefire.booter.ForkedBooter.runSuitesInProcess(ForkedBooter.java:385)
	at org.apache.maven.surefire.booter.ForkedBooter.execute(ForkedBooter.java:162)
	at org.apache.maven.surefire.booter.ForkedBooter.run(ForkedBooter.java:507)
	at org.apache.maven.surefire.booter.ForkedBooter.main(ForkedBooter.java:495)

]]></system-err>
  </testcase>
  <testcase name="findRangeByIdOrden_exceptionThrown_returnsNull" classname="sv.edu.ues.occ.ingenieria.tpi135_2025.control.OrdenDetalleBeanTest" time="0.007">
    <system-err><![CDATA[abr 14, 2025 10:20:23 P. M. sv.edu.ues.occ.ingenieria.tpi135_2025.control.OrdenDetalleBean findRangeByIdOrden
SEVERE: Simulated database error
java.lang.RuntimeException: Simulated database error
	at sv.edu.ues.occ.ingenieria.tpi135_2025.control.OrdenDetalleBean.findRangeByIdOrden(OrdenDetalleBean.java:63)
	at sv.edu.ues.occ.ingenieria.tpi135_2025.control.OrdenDetalleBeanTest.findRangeByIdOrden_exceptionThrown_returnsNull(OrdenDetalleBeanTest.java:116)
	at java.base/jdk.internal.reflect.DirectMethodHandleAccessor.invoke(DirectMethodHandleAccessor.java:103)
	at java.base/java.lang.reflect.Method.invoke(Method.java:580)
	at org.junit.platform.commons.util.ReflectionUtils.invokeMethod(ReflectionUtils.java:728)
	at org.junit.jupiter.engine.execution.MethodInvocation.proceed(MethodInvocation.java:60)
	at org.junit.jupiter.engine.execution.InvocationInterceptorChain$ValidatingInvocation.proceed(InvocationInterceptorChain.java:131)
	at org.junit.jupiter.engine.extension.TimeoutExtension.intercept(TimeoutExtension.java:156)
	at org.junit.jupiter.engine.extension.TimeoutExtension.interceptTestableMethod(TimeoutExtension.java:147)
	at org.junit.jupiter.engine.extension.TimeoutExtension.interceptTestMethod(TimeoutExtension.java:86)
	at org.junit.jupiter.engine.execution.InterceptingExecutableInvoker$ReflectiveInterceptorCall.lambda$ofVoidMethod$0(InterceptingExecutableInvoker.java:103)
	at org.junit.jupiter.engine.execution.InterceptingExecutableInvoker.lambda$invoke$0(InterceptingExecutableInvoker.java:93)
	at org.junit.jupiter.engine.execution.InvocationInterceptorChain$InterceptedInvocation.proceed(InvocationInterceptorChain.java:106)
	at org.junit.jupiter.engine.execution.InvocationInterceptorChain.proceed(InvocationInterceptorChain.java:64)
	at org.junit.jupiter.engine.execution.InvocationInterceptorChain.chainAndInvoke(InvocationInterceptorChain.java:45)
	at org.junit.jupiter.engine.execution.InvocationInterceptorChain.invoke(InvocationInterceptorChain.java:37)
	at org.junit.jupiter.engine.execution.InterceptingExecutableInvoker.invoke(InterceptingExecutableInvoker.java:92)
	at org.junit.jupiter.engine.execution.InterceptingExecutableInvoker.invoke(InterceptingExecutableInvoker.java:86)
	at org.junit.jupiter.engine.descriptor.TestMethodTestDescriptor.lambda$invokeTestMethod$7(TestMethodTestDescriptor.java:218)
	at org.junit.platform.engine.support.hierarchical.ThrowableCollector.execute(ThrowableCollector.java:73)
	at org.junit.jupiter.engine.descriptor.TestMethodTestDescriptor.invokeTestMethod(TestMethodTestDescriptor.java:214)
	at org.junit.jupiter.engine.descriptor.TestMethodTestDescriptor.execute(TestMethodTestDescriptor.java:139)
	at org.junit.jupiter.engine.descriptor.TestMethodTestDescriptor.execute(TestMethodTestDescriptor.java:69)
	at org.junit.platform.engine.support.hierarchical.NodeTestTask.lambda$executeRecursively$6(NodeTestTask.java:151)
	at org.junit.platform.engine.support.hierarchical.ThrowableCollector.execute(ThrowableCollector.java:73)
	at org.junit.platform.engine.support.hierarchical.NodeTestTask.lambda$executeRecursively$8(NodeTestTask.java:141)
	at org.junit.platform.engine.support.hierarchical.Node.around(Node.java:137)
	at org.junit.platform.engine.support.hierarchical.NodeTestTask.lambda$executeRecursively$9(NodeTestTask.java:139)
	at org.junit.platform.engine.support.hierarchical.ThrowableCollector.execute(ThrowableCollector.java:73)
	at org.junit.platform.engine.support.hierarchical.NodeTestTask.executeRecursively(NodeTestTask.java:138)
	at org.junit.platform.engine.support.hierarchical.NodeTestTask.execute(NodeTestTask.java:95)
	at java.base/java.util.ArrayList.forEach(ArrayList.java:1596)
	at org.junit.platform.engine.support.hierarchical.SameThreadHierarchicalTestExecutorService.invokeAll(SameThreadHierarchicalTestExecutorService.java:41)
	at org.junit.platform.engine.support.hierarchical.NodeTestTask.lambda$executeRecursively$6(NodeTestTask.java:155)
	at org.junit.platform.engine.support.hierarchical.ThrowableCollector.execute(ThrowableCollector.java:73)
	at org.junit.platform.engine.support.hierarchical.NodeTestTask.lambda$executeRecursively$8(NodeTestTask.java:141)
	at org.junit.platform.engine.support.hierarchical.Node.around(Node.java:137)
	at org.junit.platform.engine.support.hierarchical.NodeTestTask.lambda$executeRecursively$9(NodeTestTask.java:139)
	at org.junit.platform.engine.support.hierarchical.ThrowableCollector.execute(ThrowableCollector.java:73)
	at org.junit.platform.engine.support.hierarchical.NodeTestTask.executeRecursively(NodeTestTask.java:138)
	at org.junit.platform.engine.support.hierarchical.NodeTestTask.execute(NodeTestTask.java:95)
	at java.base/java.util.ArrayList.forEach(ArrayList.java:1596)
	at org.junit.platform.engine.support.hierarchical.SameThreadHierarchicalTestExecutorService.invokeAll(SameThreadHierarchicalTestExecutorService.java:41)
	at org.junit.platform.engine.support.hierarchical.NodeTestTask.lambda$executeRecursively$6(NodeTestTask.java:155)
	at org.junit.platform.engine.support.hierarchical.ThrowableCollector.execute(ThrowableCollector.java:73)
	at org.junit.platform.engine.support.hierarchical.NodeTestTask.lambda$executeRecursively$8(NodeTestTask.java:141)
	at org.junit.platform.engine.support.hierarchical.Node.around(Node.java:137)
	at org.junit.platform.engine.support.hierarchical.NodeTestTask.lambda$executeRecursively$9(NodeTestTask.java:139)
	at org.junit.platform.engine.support.hierarchical.ThrowableCollector.execute(ThrowableCollector.java:73)
	at org.junit.platform.engine.support.hierarchical.NodeTestTask.executeRecursively(NodeTestTask.java:138)
	at org.junit.platform.engine.support.hierarchical.NodeTestTask.execute(NodeTestTask.java:95)
	at org.junit.platform.engine.support.hierarchical.SameThreadHierarchicalTestExecutorService.submit(SameThreadHierarchicalTestExecutorService.java:35)
	at org.junit.platform.engine.support.hierarchical.HierarchicalTestExecutor.execute(HierarchicalTestExecutor.java:57)
	at org.junit.platform.engine.support.hierarchical.HierarchicalTestEngine.execute(HierarchicalTestEngine.java:54)
	at org.junit.platform.launcher.core.EngineExecutionOrchestrator.execute(EngineExecutionOrchestrator.java:198)
	at org.junit.platform.launcher.core.EngineExecutionOrchestrator.execute(EngineExecutionOrchestrator.java:169)
	at org.junit.platform.launcher.core.EngineExecutionOrchestrator.execute(EngineExecutionOrchestrator.java:93)
	at org.junit.platform.launcher.core.EngineExecutionOrchestrator.lambda$execute$0(EngineExecutionOrchestrator.java:58)
	at org.junit.platform.launcher.core.EngineExecutionOrchestrator.withInterceptedStreams(EngineExecutionOrchestrator.java:141)
	at org.junit.platform.launcher.core.EngineExecutionOrchestrator.execute(EngineExecutionOrchestrator.java:57)
	at org.junit.platform.launcher.core.DefaultLauncher.execute(DefaultLauncher.java:103)
	at org.junit.platform.launcher.core.DefaultLauncher.execute(DefaultLauncher.java:85)
	at org.junit.platform.launcher.core.DelegatingLauncher.execute(DelegatingLauncher.java:47)
	at org.apache.maven.surefire.junitplatform.LazyLauncher.execute(LazyLauncher.java:56)
	at org.apache.maven.surefire.junitplatform.JUnitPlatformProvider.execute(JUnitPlatformProvider.java:184)
	at org.apache.maven.surefire.junitplatform.JUnitPlatformProvider.invokeAllTests(JUnitPlatformProvider.java:148)
	at org.apache.maven.surefire.junitplatform.JUnitPlatformProvider.invoke(JUnitPlatformProvider.java:122)
	at org.apache.maven.surefire.booter.ForkedBooter.runSuitesInProcess(ForkedBooter.java:385)
	at org.apache.maven.surefire.booter.ForkedBooter.execute(ForkedBooter.java:162)
	at org.apache.maven.surefire.booter.ForkedBooter.run(ForkedBooter.java:507)
	at org.apache.maven.surefire.booter.ForkedBooter.main(ForkedBooter.java:495)

]]></system-err>
  </testcase>
  <testcase name="generarOrdenDetalleMixto_todosLosEscenarios" classname="sv.edu.ues.occ.ingenieria.tpi135_2025.control.OrdenDetalleBeanTest" time="0.007">
    <system-out><![CDATA[Test de generarOrdenDetalleMixto
]]></system-out>
  </testcase>
  <testcase name="testGetEntityManager" classname="sv.edu.ues.occ.ingenieria.tpi135_2025.control.OrdenDetalleBeanTest" time="0.004">
    <system-out><![CDATA[Test de getEntityManager
]]></system-out>
  </testcase>
  <testcase name="testFindRangeByIdOrden" classname="sv.edu.ues.occ.ingenieria.tpi135_2025.control.OrdenDetalleBeanTest" time="0.004">
    <system-out><![CDATA[Test de findRangeByIdOrden
]]></system-out>
  </testcase>
  <testcase name="testFindByIdOrdenAndIdPrecioProducto" classname="sv.edu.ues.occ.ingenieria.tpi135_2025.control.OrdenDetalleBeanTest" time="0.004">
    <system-out><![CDATA[Test de findByIdOrdenAndIdPrecioProducto
]]></system-out>
  </testcase>
  <testcase name="testGenerarOrdenDetalleProductoCantidadNula" classname="sv.edu.ues.occ.ingenieria.tpi135_2025.control.OrdenDetalleBeanTest" time="0.006">
    <system-out><![CDATA[Test de generarOrdenDetalleProductoCantidadNula
]]></system-out>
  </testcase>
  <testcase name="testConstructor" classname="sv.edu.ues.occ.ingenieria.tpi135_2025.control.OrdenDetalleBeanTest" time="0.005">
    <system-out><![CDATA[Test de Constructor
]]></system-out>
  </testcase>
</testsuite>