<?xml version="1.0" encoding="UTF-8"?>
<<<<<<< HEAD
<testsuite xmlns:xsi="http://www.w3.org/2001/XMLSchema-instance" xsi:noNamespaceSchemaLocation="https://maven.apache.org/surefire/maven-failsafe-plugin/xsd/failsafe-test-report.xsd" version="3.0.2" name="sv.edu.ues.occ.ingenieria.tpi135_2025.boundary.resources.rest.ProductoResourceIT" time="10.997" tests="5" errors="0" skipped="0" failures="0">
  <properties>
    <property name="java.specification.version" value="21"/>
    <property name="sun.jnu.encoding" value="UTF-8"/>
    <property name="java.class.path" value="/usr/local/proyectos/PupaSv/target/test-classes:/usr/local/proyectos/PupaSv/target/classes:/home/mjlopez/.m2/repository/jakarta/platform/jakarta.jakartaee-api/10.0.0/jakarta.jakartaee-api-10.0.0.jar:/home/mjlopez/.m2/repository/jakarta/platform/jakarta.jakartaee-web-api/10.0.0/jakarta.jakartaee-web-api-10.0.0.jar:/home/mjlopez/.m2/repository/jakarta/servlet/jakarta.servlet-api/6.0.0/jakarta.servlet-api-6.0.0.jar:/home/mjlopez/.m2/repository/jakarta/servlet/jsp/jakarta.servlet.jsp-api/3.1.0/jakarta.servlet.jsp-api-3.1.0.jar:/home/mjlopez/.m2/repository/jakarta/el/jakarta.el-api/5.0.1/jakarta.el-api-5.0.1.jar:/home/mjlopez/.m2/repository/jakarta/servlet/jsp/jstl/jakarta.servlet.jsp.jstl-api/3.0.0/jakarta.servlet.jsp.jstl-api-3.0.0.jar:/home/mjlopez/.m2/repository/jakarta/faces/jakarta.faces-api/4.0.1/jakarta.faces-api-4.0.1.jar:/home/mjlopez/.m2/repository/jakarta/websocket/jakarta.websocket-api/2.1.0/jakarta.websocket-api-2.1.0.jar:/home/mjlopez/.m2/repository/jakarta/websocket/jakarta.websocket-client-api/2.1.0/jakarta.websocket-client-api-2.1.0.jar:/home/mjlopez/.m2/repository/jakarta/ejb/jakarta.ejb-api/4.0.1/jakarta.ejb-api-4.0.1.jar:/home/mjlopez/.m2/repository/jakarta/transaction/jakarta.transaction-api/2.0.1/jakarta.transaction-api-2.0.1.jar:/home/mjlopez/.m2/repository/jakarta/validation/jakarta.validation-api/3.0.2/jakarta.validation-api-3.0.2.jar:/home/mjlopez/.m2/repository/jakarta/interceptor/jakarta.interceptor-api/2.1.0/jakarta.interceptor-api-2.1.0.jar:/home/mjlopez/.m2/repository/jakarta/enterprise/jakarta.enterprise.cdi-api/4.0.1/jakarta.enterprise.cdi-api-4.0.1.jar:/home/mjlopez/.m2/repository/jakarta/enterprise/jakarta.enterprise.lang-model/4.0.1/jakarta.enterprise.lang-model-4.0.1.jar:/home/mjlopez/.m2/repository/jakarta/authentication/jakarta.authentication-api/3.0.0/jakarta.authentication-api-3.0.0.jar:/home/mjlopez/.m2/repository/jakarta/security/enterprise/jakarta.security.enterprise-api/3.0.0/jakarta.security.enterprise-api-3.0.0.jar:/home/mjlopez/.m2/repository/jakarta/jms/jakarta.jms-api/3.1.0/jakarta.jms-api-3.1.0.jar:/home/mjlopez/.m2/repository/jakarta/activation/jakarta.activation-api/2.1.0/jakarta.activation-api-2.1.0.jar:/home/mjlopez/.m2/repository/jakarta/mail/jakarta.mail-api/2.1.0/jakarta.mail-api-2.1.0.jar:/home/mjlopez/.m2/repository/jakarta/resource/jakarta.resource-api/2.1.0/jakarta.resource-api-2.1.0.jar:/home/mjlopez/.m2/repository/jakarta/authorization/jakarta.authorization-api/2.1.0/jakarta.authorization-api-2.1.0.jar:/home/mjlopez/.m2/repository/jakarta/batch/jakarta.batch-api/2.1.1/jakarta.batch-api-2.1.1.jar:/home/mjlopez/.m2/repository/com/fasterxml/jackson/core/jackson-databind/2.17.1/jackson-databind-2.17.1.jar:/home/mjlopez/.m2/repository/com/fasterxml/jackson/core/jackson-annotations/2.17.1/jackson-annotations-2.17.1.jar:/home/mjlopez/.m2/repository/com/fasterxml/jackson/core/jackson-core/2.17.1/jackson-core-2.17.1.jar:/home/mjlopez/.m2/repository/org/mockito/mockito-core/5.12.0/mockito-core-5.12.0.jar:/home/mjlopez/.m2/repository/net/bytebuddy/byte-buddy/1.14.15/byte-buddy-1.14.15.jar:/home/mjlopez/.m2/repository/net/bytebuddy/byte-buddy-agent/1.14.15/byte-buddy-agent-1.14.15.jar:/home/mjlopez/.m2/repository/org/objenesis/objenesis/3.3/objenesis-3.3.jar:/home/mjlopez/.m2/repository/org/mockito/mockito-junit-jupiter/5.12.0/mockito-junit-jupiter-5.12.0.jar:/home/mjlopez/.m2/repository/org/junit/jupiter/junit-jupiter-api/5.10.2/junit-jupiter-api-5.10.2.jar:/home/mjlopez/.m2/repository/org/opentest4j/opentest4j/1.3.0/opentest4j-1.3.0.jar:/home/mjlopez/.m2/repository/org/junit/platform/junit-platform-commons/1.10.2/junit-platform-commons-1.10.2.jar:/home/mjlopez/.m2/repository/org/apiguardian/apiguardian-api/1.1.2/apiguardian-api-1.1.2.jar:/home/mjlopez/.m2/repository/org/junit/jupiter/junit-jupiter-engine/5.10.2/junit-jupiter-engine-5.10.2.jar:/home/mjlopez/.m2/repository/org/junit/platform/junit-platform-engine/1.10.2/junit-platform-engine-1.10.2.jar:/home/mjlopez/.m2/repository/org/glassfish/jersey/core/jersey-client/3.1.3/jersey-client-3.1.3.jar:/home/mjlopez/.m2/repository/jakarta/ws/rs/jakarta.ws.rs-api/3.1.0/jakarta.ws.rs-api-3.1.0.jar:/home/mjlopez/.m2/repository/jakarta/inject/jakarta.inject-api/2.0.1/jakarta.inject-api-2.0.1.jar:/home/mjlopez/.m2/repository/org/glassfish/jersey/core/jersey-common/3.1.3/jersey-common-3.1.3.jar:/home/mjlopez/.m2/repository/jakarta/annotation/jakarta.annotation-api/2.1.1/jakarta.annotation-api-2.1.1.jar:/home/mjlopez/.m2/repository/org/glassfish/hk2/osgi-resource-locator/1.0.3/osgi-resource-locator-1.0.3.jar:/home/mjlopez/.m2/repository/org/glassfish/jersey/media/jersey-media-json-binding/3.1.3/jersey-media-json-binding-3.1.3.jar:/home/mjlopez/.m2/repository/jakarta/json/jakarta.json-api/2.1.2/jakarta.json-api-2.1.2.jar:/home/mjlopez/.m2/repository/jakarta/json/bind/jakarta.json.bind-api/3.0.0/jakarta.json.bind-api-3.0.0.jar:/home/mjlopez/.m2/repository/org/eclipse/parsson/parsson/1.1.1/parsson-1.1.1.jar:/home/mjlopez/.m2/repository/org/eclipse/yasson/3.0.3/yasson-3.0.3.jar:/home/mjlopez/.m2/repository/org/glassfish/jersey/media/jersey-media-jaxb/3.1.2/jersey-media-jaxb-3.1.2.jar:/home/mjlopez/.m2/repository/org/testcontainers/junit-jupiter/1.20.4/junit-jupiter-1.20.4.jar:/home/mjlopez/.m2/repository/org/testcontainers/testcontainers/1.20.4/testcontainers-1.20.4.jar:/home/mjlopez/.m2/repository/junit/junit/4.13.2/junit-4.13.2.jar:/home/mjlopez/.m2/repository/org/hamcrest/hamcrest-core/1.3/hamcrest-core-1.3.jar:/home/mjlopez/.m2/repository/org/slf4j/slf4j-api/1.7.36/slf4j-api-1.7.36.jar:/home/mjlopez/.m2/repository/org/apache/commons/commons-compress/1.24.0/commons-compress-1.24.0.jar:/home/mjlopez/.m2/repository/org/rnorth/duct-tape/duct-tape/1.0.8/duct-tape-1.0.8.jar:/home/mjlopez/.m2/repository/org/jetbrains/annotations/17.0.0/annotations-17.0.0.jar:/home/mjlopez/.m2/repository/com/github/docker-java/docker-java-api/3.4.0/docker-java-api-3.4.0.jar:/home/mjlopez/.m2/repository/com/github/docker-java/docker-java-transport-zerodep/3.4.0/docker-java-transport-zerodep-3.4.0.jar:/home/mjlopez/.m2/repository/com/github/docker-java/docker-java-transport/3.4.0/docker-java-transport-3.4.0.jar:/home/mjlopez/.m2/repository/net/java/dev/jna/jna/5.13.0/jna-5.13.0.jar:/home/mjlopez/.m2/repository/org/testcontainers/postgresql/1.20.4/postgresql-1.20.4.jar:/home/mjlopez/.m2/repository/org/testcontainers/jdbc/1.20.4/jdbc-1.20.4.jar:/home/mjlopez/.m2/repository/org/testcontainers/database-commons/1.20.4/database-commons-1.20.4.jar:/home/mjlopez/.m2/repository/org/eclipse/persistence/org.eclipse.persistence.jpa/4.0.5/org.eclipse.persistence.jpa-4.0.5.jar:/home/mjlopez/.m2/repository/org/eclipse/persistence/org.eclipse.persistence.asm/9.7.1/org.eclipse.persistence.asm-9.7.1.jar:/home/mjlopez/.m2/repository/org/eclipse/persistence/org.eclipse.persistence.core/4.0.5/org.eclipse.persistence.core-4.0.5.jar:/home/mjlopez/.m2/repository/org/eclipse/persistence/org.eclipse.persistence.jpa.jpql/4.0.5/org.eclipse.persistence.jpa.jpql-4.0.5.jar:/home/mjlopez/.m2/repository/jakarta/persistence/jakarta.persistence-api/3.1.0/jakarta.persistence-api-3.1.0.jar:/home/mjlopez/.m2/repository/org/postgresql/postgresql/42.7.3/postgresql-42.7.3.jar:/home/mjlopez/.m2/repository/org/checkerframework/checker-qual/3.42.0/checker-qual-3.42.0.jar:"/>
    <property name="java.vm.vendor" value="Ubuntu"/>
=======
<testsuite xmlns:xsi="http://www.w3.org/2001/XMLSchema-instance" xsi:noNamespaceSchemaLocation="https://maven.apache.org/surefire/maven-failsafe-plugin/xsd/failsafe-test-report.xsd" version="3.0.2" name="sv.edu.ues.occ.ingenieria.tpi135_2025.boundary.resources.rest.ProductoResourceIT" time="18.95" tests="5" errors="0" skipped="0" failures="0">
  <properties>
    <property name="java.specification.version" value="21"/>
    <property name="sun.jnu.encoding" value="UTF-8"/>
    <property name="java.class.path" value="/home/hdz/TPI/PupaSv/target/test-classes:/home/hdz/TPI/PupaSv/target/classes:/home/hdz/.m2/repository/jakarta/platform/jakarta.jakartaee-api/10.0.0/jakarta.jakartaee-api-10.0.0.jar:/home/hdz/.m2/repository/jakarta/platform/jakarta.jakartaee-web-api/10.0.0/jakarta.jakartaee-web-api-10.0.0.jar:/home/hdz/.m2/repository/jakarta/servlet/jakarta.servlet-api/6.0.0/jakarta.servlet-api-6.0.0.jar:/home/hdz/.m2/repository/jakarta/servlet/jsp/jakarta.servlet.jsp-api/3.1.0/jakarta.servlet.jsp-api-3.1.0.jar:/home/hdz/.m2/repository/jakarta/el/jakarta.el-api/5.0.1/jakarta.el-api-5.0.1.jar:/home/hdz/.m2/repository/jakarta/servlet/jsp/jstl/jakarta.servlet.jsp.jstl-api/3.0.0/jakarta.servlet.jsp.jstl-api-3.0.0.jar:/home/hdz/.m2/repository/jakarta/faces/jakarta.faces-api/4.0.1/jakarta.faces-api-4.0.1.jar:/home/hdz/.m2/repository/jakarta/websocket/jakarta.websocket-api/2.1.0/jakarta.websocket-api-2.1.0.jar:/home/hdz/.m2/repository/jakarta/websocket/jakarta.websocket-client-api/2.1.0/jakarta.websocket-client-api-2.1.0.jar:/home/hdz/.m2/repository/jakarta/ejb/jakarta.ejb-api/4.0.1/jakarta.ejb-api-4.0.1.jar:/home/hdz/.m2/repository/jakarta/transaction/jakarta.transaction-api/2.0.1/jakarta.transaction-api-2.0.1.jar:/home/hdz/.m2/repository/jakarta/validation/jakarta.validation-api/3.0.2/jakarta.validation-api-3.0.2.jar:/home/hdz/.m2/repository/jakarta/interceptor/jakarta.interceptor-api/2.1.0/jakarta.interceptor-api-2.1.0.jar:/home/hdz/.m2/repository/jakarta/enterprise/jakarta.enterprise.cdi-api/4.0.1/jakarta.enterprise.cdi-api-4.0.1.jar:/home/hdz/.m2/repository/jakarta/enterprise/jakarta.enterprise.lang-model/4.0.1/jakarta.enterprise.lang-model-4.0.1.jar:/home/hdz/.m2/repository/jakarta/authentication/jakarta.authentication-api/3.0.0/jakarta.authentication-api-3.0.0.jar:/home/hdz/.m2/repository/jakarta/security/enterprise/jakarta.security.enterprise-api/3.0.0/jakarta.security.enterprise-api-3.0.0.jar:/home/hdz/.m2/repository/jakarta/jms/jakarta.jms-api/3.1.0/jakarta.jms-api-3.1.0.jar:/home/hdz/.m2/repository/jakarta/activation/jakarta.activation-api/2.1.0/jakarta.activation-api-2.1.0.jar:/home/hdz/.m2/repository/jakarta/mail/jakarta.mail-api/2.1.0/jakarta.mail-api-2.1.0.jar:/home/hdz/.m2/repository/jakarta/resource/jakarta.resource-api/2.1.0/jakarta.resource-api-2.1.0.jar:/home/hdz/.m2/repository/jakarta/authorization/jakarta.authorization-api/2.1.0/jakarta.authorization-api-2.1.0.jar:/home/hdz/.m2/repository/jakarta/batch/jakarta.batch-api/2.1.1/jakarta.batch-api-2.1.1.jar:/home/hdz/.m2/repository/org/mockito/mockito-core/5.12.0/mockito-core-5.12.0.jar:/home/hdz/.m2/repository/net/bytebuddy/byte-buddy/1.14.15/byte-buddy-1.14.15.jar:/home/hdz/.m2/repository/net/bytebuddy/byte-buddy-agent/1.14.15/byte-buddy-agent-1.14.15.jar:/home/hdz/.m2/repository/org/objenesis/objenesis/3.3/objenesis-3.3.jar:/home/hdz/.m2/repository/org/mockito/mockito-junit-jupiter/5.12.0/mockito-junit-jupiter-5.12.0.jar:/home/hdz/.m2/repository/org/junit/jupiter/junit-jupiter-api/5.10.2/junit-jupiter-api-5.10.2.jar:/home/hdz/.m2/repository/org/opentest4j/opentest4j/1.3.0/opentest4j-1.3.0.jar:/home/hdz/.m2/repository/org/junit/platform/junit-platform-commons/1.10.2/junit-platform-commons-1.10.2.jar:/home/hdz/.m2/repository/org/apiguardian/apiguardian-api/1.1.2/apiguardian-api-1.1.2.jar:/home/hdz/.m2/repository/org/junit/jupiter/junit-jupiter-engine/5.10.2/junit-jupiter-engine-5.10.2.jar:/home/hdz/.m2/repository/org/junit/platform/junit-platform-engine/1.10.2/junit-platform-engine-1.10.2.jar:/home/hdz/.m2/repository/org/glassfish/jersey/core/jersey-client/3.1.3/jersey-client-3.1.3.jar:/home/hdz/.m2/repository/jakarta/ws/rs/jakarta.ws.rs-api/3.1.0/jakarta.ws.rs-api-3.1.0.jar:/home/hdz/.m2/repository/jakarta/inject/jakarta.inject-api/2.0.1/jakarta.inject-api-2.0.1.jar:/home/hdz/.m2/repository/org/glassfish/jersey/core/jersey-common/3.1.3/jersey-common-3.1.3.jar:/home/hdz/.m2/repository/jakarta/annotation/jakarta.annotation-api/2.1.1/jakarta.annotation-api-2.1.1.jar:/home/hdz/.m2/repository/org/glassfish/hk2/osgi-resource-locator/1.0.3/osgi-resource-locator-1.0.3.jar:/home/hdz/.m2/repository/org/glassfish/jersey/media/jersey-media-json-binding/3.1.3/jersey-media-json-binding-3.1.3.jar:/home/hdz/.m2/repository/jakarta/json/jakarta.json-api/2.1.2/jakarta.json-api-2.1.2.jar:/home/hdz/.m2/repository/jakarta/json/bind/jakarta.json.bind-api/3.0.0/jakarta.json.bind-api-3.0.0.jar:/home/hdz/.m2/repository/org/eclipse/parsson/parsson/1.1.1/parsson-1.1.1.jar:/home/hdz/.m2/repository/org/eclipse/yasson/3.0.3/yasson-3.0.3.jar:/home/hdz/.m2/repository/org/glassfish/jersey/media/jersey-media-jaxb/3.1.2/jersey-media-jaxb-3.1.2.jar:/home/hdz/.m2/repository/org/testcontainers/junit-jupiter/1.20.4/junit-jupiter-1.20.4.jar:/home/hdz/.m2/repository/org/testcontainers/testcontainers/1.20.4/testcontainers-1.20.4.jar:/home/hdz/.m2/repository/junit/junit/4.13.2/junit-4.13.2.jar:/home/hdz/.m2/repository/org/hamcrest/hamcrest-core/1.3/hamcrest-core-1.3.jar:/home/hdz/.m2/repository/org/slf4j/slf4j-api/1.7.36/slf4j-api-1.7.36.jar:/home/hdz/.m2/repository/org/apache/commons/commons-compress/1.24.0/commons-compress-1.24.0.jar:/home/hdz/.m2/repository/org/rnorth/duct-tape/duct-tape/1.0.8/duct-tape-1.0.8.jar:/home/hdz/.m2/repository/org/jetbrains/annotations/17.0.0/annotations-17.0.0.jar:/home/hdz/.m2/repository/com/github/docker-java/docker-java-api/3.4.0/docker-java-api-3.4.0.jar:/home/hdz/.m2/repository/com/fasterxml/jackson/core/jackson-annotations/2.10.3/jackson-annotations-2.10.3.jar:/home/hdz/.m2/repository/com/github/docker-java/docker-java-transport-zerodep/3.4.0/docker-java-transport-zerodep-3.4.0.jar:/home/hdz/.m2/repository/com/github/docker-java/docker-java-transport/3.4.0/docker-java-transport-3.4.0.jar:/home/hdz/.m2/repository/net/java/dev/jna/jna/5.13.0/jna-5.13.0.jar:/home/hdz/.m2/repository/org/testcontainers/postgresql/1.20.4/postgresql-1.20.4.jar:/home/hdz/.m2/repository/org/testcontainers/jdbc/1.20.4/jdbc-1.20.4.jar:/home/hdz/.m2/repository/org/testcontainers/database-commons/1.20.4/database-commons-1.20.4.jar:/home/hdz/.m2/repository/org/eclipse/persistence/org.eclipse.persistence.jpa/4.0.5/org.eclipse.persistence.jpa-4.0.5.jar:/home/hdz/.m2/repository/org/eclipse/persistence/org.eclipse.persistence.asm/9.7.1/org.eclipse.persistence.asm-9.7.1.jar:/home/hdz/.m2/repository/org/eclipse/persistence/org.eclipse.persistence.core/4.0.5/org.eclipse.persistence.core-4.0.5.jar:/home/hdz/.m2/repository/org/eclipse/persistence/org.eclipse.persistence.jpa.jpql/4.0.5/org.eclipse.persistence.jpa.jpql-4.0.5.jar:/home/hdz/.m2/repository/jakarta/persistence/jakarta.persistence-api/3.1.0/jakarta.persistence-api-3.1.0.jar:/home/hdz/.m2/repository/org/postgresql/postgresql/42.7.3/postgresql-42.7.3.jar:/home/hdz/.m2/repository/org/checkerframework/checker-qual/3.42.0/checker-qual-3.42.0.jar:/home/hdz/.m2/repository/org/slf4j/slf4j-simple/1.7.36/slf4j-simple-1.7.36.jar:"/>
    <property name="java.vm.vendor" value="Oracle Corporation"/>
>>>>>>> 077760b (Agregando pruebas ComboBeanIT y ComboDetalleBeanIT y archivos necesarios)
    <property name="sun.arch.data.model" value="64"/>
    <property name="java.vendor.url" value="https://java.oracle.com/"/>
    <property name="user.timezone" value="America/El_Salvador"/>
    <property name="os.name" value="Linux"/>
    <property name="java.vm.specification.version" value="21"/>
    <property name="sun.java.launcher" value="SUN_STANDARD"/>
    <property name="user.country" value="ES"/>
<<<<<<< HEAD
    <property name="sun.boot.library.path" value="/usr/lib/jvm/java-21-openjdk-amd64/lib"/>
    <property name="sun.java.command" value="/usr/local/proyectos/PupaSv/target/surefire/surefirebooter-20250409110759476_3.jar /usr/local/proyectos/PupaSv/target/surefire 2025-04-09T11-07-59_430-jvmRun1 surefire-20250409110759476_1tmp surefire_0-20250409110759476_2tmp"/>
    <property name="jdk.debug" value="release"/>
    <property name="surefire.test.class.path" value="/usr/local/proyectos/PupaSv/target/test-classes:/usr/local/proyectos/PupaSv/target/classes:/home/mjlopez/.m2/repository/jakarta/platform/jakarta.jakartaee-api/10.0.0/jakarta.jakartaee-api-10.0.0.jar:/home/mjlopez/.m2/repository/jakarta/platform/jakarta.jakartaee-web-api/10.0.0/jakarta.jakartaee-web-api-10.0.0.jar:/home/mjlopez/.m2/repository/jakarta/servlet/jakarta.servlet-api/6.0.0/jakarta.servlet-api-6.0.0.jar:/home/mjlopez/.m2/repository/jakarta/servlet/jsp/jakarta.servlet.jsp-api/3.1.0/jakarta.servlet.jsp-api-3.1.0.jar:/home/mjlopez/.m2/repository/jakarta/el/jakarta.el-api/5.0.1/jakarta.el-api-5.0.1.jar:/home/mjlopez/.m2/repository/jakarta/servlet/jsp/jstl/jakarta.servlet.jsp.jstl-api/3.0.0/jakarta.servlet.jsp.jstl-api-3.0.0.jar:/home/mjlopez/.m2/repository/jakarta/faces/jakarta.faces-api/4.0.1/jakarta.faces-api-4.0.1.jar:/home/mjlopez/.m2/repository/jakarta/websocket/jakarta.websocket-api/2.1.0/jakarta.websocket-api-2.1.0.jar:/home/mjlopez/.m2/repository/jakarta/websocket/jakarta.websocket-client-api/2.1.0/jakarta.websocket-client-api-2.1.0.jar:/home/mjlopez/.m2/repository/jakarta/ejb/jakarta.ejb-api/4.0.1/jakarta.ejb-api-4.0.1.jar:/home/mjlopez/.m2/repository/jakarta/transaction/jakarta.transaction-api/2.0.1/jakarta.transaction-api-2.0.1.jar:/home/mjlopez/.m2/repository/jakarta/validation/jakarta.validation-api/3.0.2/jakarta.validation-api-3.0.2.jar:/home/mjlopez/.m2/repository/jakarta/interceptor/jakarta.interceptor-api/2.1.0/jakarta.interceptor-api-2.1.0.jar:/home/mjlopez/.m2/repository/jakarta/enterprise/jakarta.enterprise.cdi-api/4.0.1/jakarta.enterprise.cdi-api-4.0.1.jar:/home/mjlopez/.m2/repository/jakarta/enterprise/jakarta.enterprise.lang-model/4.0.1/jakarta.enterprise.lang-model-4.0.1.jar:/home/mjlopez/.m2/repository/jakarta/authentication/jakarta.authentication-api/3.0.0/jakarta.authentication-api-3.0.0.jar:/home/mjlopez/.m2/repository/jakarta/security/enterprise/jakarta.security.enterprise-api/3.0.0/jakarta.security.enterprise-api-3.0.0.jar:/home/mjlopez/.m2/repository/jakarta/jms/jakarta.jms-api/3.1.0/jakarta.jms-api-3.1.0.jar:/home/mjlopez/.m2/repository/jakarta/activation/jakarta.activation-api/2.1.0/jakarta.activation-api-2.1.0.jar:/home/mjlopez/.m2/repository/jakarta/mail/jakarta.mail-api/2.1.0/jakarta.mail-api-2.1.0.jar:/home/mjlopez/.m2/repository/jakarta/resource/jakarta.resource-api/2.1.0/jakarta.resource-api-2.1.0.jar:/home/mjlopez/.m2/repository/jakarta/authorization/jakarta.authorization-api/2.1.0/jakarta.authorization-api-2.1.0.jar:/home/mjlopez/.m2/repository/jakarta/batch/jakarta.batch-api/2.1.1/jakarta.batch-api-2.1.1.jar:/home/mjlopez/.m2/repository/com/fasterxml/jackson/core/jackson-databind/2.17.1/jackson-databind-2.17.1.jar:/home/mjlopez/.m2/repository/com/fasterxml/jackson/core/jackson-annotations/2.17.1/jackson-annotations-2.17.1.jar:/home/mjlopez/.m2/repository/com/fasterxml/jackson/core/jackson-core/2.17.1/jackson-core-2.17.1.jar:/home/mjlopez/.m2/repository/org/mockito/mockito-core/5.12.0/mockito-core-5.12.0.jar:/home/mjlopez/.m2/repository/net/bytebuddy/byte-buddy/1.14.15/byte-buddy-1.14.15.jar:/home/mjlopez/.m2/repository/net/bytebuddy/byte-buddy-agent/1.14.15/byte-buddy-agent-1.14.15.jar:/home/mjlopez/.m2/repository/org/objenesis/objenesis/3.3/objenesis-3.3.jar:/home/mjlopez/.m2/repository/org/mockito/mockito-junit-jupiter/5.12.0/mockito-junit-jupiter-5.12.0.jar:/home/mjlopez/.m2/repository/org/junit/jupiter/junit-jupiter-api/5.10.2/junit-jupiter-api-5.10.2.jar:/home/mjlopez/.m2/repository/org/opentest4j/opentest4j/1.3.0/opentest4j-1.3.0.jar:/home/mjlopez/.m2/repository/org/junit/platform/junit-platform-commons/1.10.2/junit-platform-commons-1.10.2.jar:/home/mjlopez/.m2/repository/org/apiguardian/apiguardian-api/1.1.2/apiguardian-api-1.1.2.jar:/home/mjlopez/.m2/repository/org/junit/jupiter/junit-jupiter-engine/5.10.2/junit-jupiter-engine-5.10.2.jar:/home/mjlopez/.m2/repository/org/junit/platform/junit-platform-engine/1.10.2/junit-platform-engine-1.10.2.jar:/home/mjlopez/.m2/repository/org/glassfish/jersey/core/jersey-client/3.1.3/jersey-client-3.1.3.jar:/home/mjlopez/.m2/repository/jakarta/ws/rs/jakarta.ws.rs-api/3.1.0/jakarta.ws.rs-api-3.1.0.jar:/home/mjlopez/.m2/repository/jakarta/inject/jakarta.inject-api/2.0.1/jakarta.inject-api-2.0.1.jar:/home/mjlopez/.m2/repository/org/glassfish/jersey/core/jersey-common/3.1.3/jersey-common-3.1.3.jar:/home/mjlopez/.m2/repository/jakarta/annotation/jakarta.annotation-api/2.1.1/jakarta.annotation-api-2.1.1.jar:/home/mjlopez/.m2/repository/org/glassfish/hk2/osgi-resource-locator/1.0.3/osgi-resource-locator-1.0.3.jar:/home/mjlopez/.m2/repository/org/glassfish/jersey/media/jersey-media-json-binding/3.1.3/jersey-media-json-binding-3.1.3.jar:/home/mjlopez/.m2/repository/jakarta/json/jakarta.json-api/2.1.2/jakarta.json-api-2.1.2.jar:/home/mjlopez/.m2/repository/jakarta/json/bind/jakarta.json.bind-api/3.0.0/jakarta.json.bind-api-3.0.0.jar:/home/mjlopez/.m2/repository/org/eclipse/parsson/parsson/1.1.1/parsson-1.1.1.jar:/home/mjlopez/.m2/repository/org/eclipse/yasson/3.0.3/yasson-3.0.3.jar:/home/mjlopez/.m2/repository/org/glassfish/jersey/media/jersey-media-jaxb/3.1.2/jersey-media-jaxb-3.1.2.jar:/home/mjlopez/.m2/repository/org/testcontainers/junit-jupiter/1.20.4/junit-jupiter-1.20.4.jar:/home/mjlopez/.m2/repository/org/testcontainers/testcontainers/1.20.4/testcontainers-1.20.4.jar:/home/mjlopez/.m2/repository/junit/junit/4.13.2/junit-4.13.2.jar:/home/mjlopez/.m2/repository/org/hamcrest/hamcrest-core/1.3/hamcrest-core-1.3.jar:/home/mjlopez/.m2/repository/org/slf4j/slf4j-api/1.7.36/slf4j-api-1.7.36.jar:/home/mjlopez/.m2/repository/org/apache/commons/commons-compress/1.24.0/commons-compress-1.24.0.jar:/home/mjlopez/.m2/repository/org/rnorth/duct-tape/duct-tape/1.0.8/duct-tape-1.0.8.jar:/home/mjlopez/.m2/repository/org/jetbrains/annotations/17.0.0/annotations-17.0.0.jar:/home/mjlopez/.m2/repository/com/github/docker-java/docker-java-api/3.4.0/docker-java-api-3.4.0.jar:/home/mjlopez/.m2/repository/com/github/docker-java/docker-java-transport-zerodep/3.4.0/docker-java-transport-zerodep-3.4.0.jar:/home/mjlopez/.m2/repository/com/github/docker-java/docker-java-transport/3.4.0/docker-java-transport-3.4.0.jar:/home/mjlopez/.m2/repository/net/java/dev/jna/jna/5.13.0/jna-5.13.0.jar:/home/mjlopez/.m2/repository/org/testcontainers/postgresql/1.20.4/postgresql-1.20.4.jar:/home/mjlopez/.m2/repository/org/testcontainers/jdbc/1.20.4/jdbc-1.20.4.jar:/home/mjlopez/.m2/repository/org/testcontainers/database-commons/1.20.4/database-commons-1.20.4.jar:/home/mjlopez/.m2/repository/org/eclipse/persistence/org.eclipse.persistence.jpa/4.0.5/org.eclipse.persistence.jpa-4.0.5.jar:/home/mjlopez/.m2/repository/org/eclipse/persistence/org.eclipse.persistence.asm/9.7.1/org.eclipse.persistence.asm-9.7.1.jar:/home/mjlopez/.m2/repository/org/eclipse/persistence/org.eclipse.persistence.core/4.0.5/org.eclipse.persistence.core-4.0.5.jar:/home/mjlopez/.m2/repository/org/eclipse/persistence/org.eclipse.persistence.jpa.jpql/4.0.5/org.eclipse.persistence.jpa.jpql-4.0.5.jar:/home/mjlopez/.m2/repository/jakarta/persistence/jakarta.persistence-api/3.1.0/jakarta.persistence-api-3.1.0.jar:/home/mjlopez/.m2/repository/org/postgresql/postgresql/42.7.3/postgresql-42.7.3.jar:/home/mjlopez/.m2/repository/org/checkerframework/checker-qual/3.42.0/checker-qual-3.42.0.jar:"/>
=======
    <property name="sun.boot.library.path" value="/usr/lib/jvm/jdk-21.0.4-oracle-x64/lib"/>
    <property name="sun.java.command" value="/home/hdz/TPI/PupaSv/target/surefire/surefirebooter-20250407191924249_3.jar /home/hdz/TPI/PupaSv/target/surefire 2025-04-07T19-19-24_149-jvmRun1 surefire-20250407191924249_1tmp surefire_0-20250407191924249_2tmp"/>
    <property name="jdk.debug" value="release"/>
    <property name="surefire.test.class.path" value="/home/hdz/TPI/PupaSv/target/test-classes:/home/hdz/TPI/PupaSv/target/classes:/home/hdz/.m2/repository/jakarta/platform/jakarta.jakartaee-api/10.0.0/jakarta.jakartaee-api-10.0.0.jar:/home/hdz/.m2/repository/jakarta/platform/jakarta.jakartaee-web-api/10.0.0/jakarta.jakartaee-web-api-10.0.0.jar:/home/hdz/.m2/repository/jakarta/servlet/jakarta.servlet-api/6.0.0/jakarta.servlet-api-6.0.0.jar:/home/hdz/.m2/repository/jakarta/servlet/jsp/jakarta.servlet.jsp-api/3.1.0/jakarta.servlet.jsp-api-3.1.0.jar:/home/hdz/.m2/repository/jakarta/el/jakarta.el-api/5.0.1/jakarta.el-api-5.0.1.jar:/home/hdz/.m2/repository/jakarta/servlet/jsp/jstl/jakarta.servlet.jsp.jstl-api/3.0.0/jakarta.servlet.jsp.jstl-api-3.0.0.jar:/home/hdz/.m2/repository/jakarta/faces/jakarta.faces-api/4.0.1/jakarta.faces-api-4.0.1.jar:/home/hdz/.m2/repository/jakarta/websocket/jakarta.websocket-api/2.1.0/jakarta.websocket-api-2.1.0.jar:/home/hdz/.m2/repository/jakarta/websocket/jakarta.websocket-client-api/2.1.0/jakarta.websocket-client-api-2.1.0.jar:/home/hdz/.m2/repository/jakarta/ejb/jakarta.ejb-api/4.0.1/jakarta.ejb-api-4.0.1.jar:/home/hdz/.m2/repository/jakarta/transaction/jakarta.transaction-api/2.0.1/jakarta.transaction-api-2.0.1.jar:/home/hdz/.m2/repository/jakarta/validation/jakarta.validation-api/3.0.2/jakarta.validation-api-3.0.2.jar:/home/hdz/.m2/repository/jakarta/interceptor/jakarta.interceptor-api/2.1.0/jakarta.interceptor-api-2.1.0.jar:/home/hdz/.m2/repository/jakarta/enterprise/jakarta.enterprise.cdi-api/4.0.1/jakarta.enterprise.cdi-api-4.0.1.jar:/home/hdz/.m2/repository/jakarta/enterprise/jakarta.enterprise.lang-model/4.0.1/jakarta.enterprise.lang-model-4.0.1.jar:/home/hdz/.m2/repository/jakarta/authentication/jakarta.authentication-api/3.0.0/jakarta.authentication-api-3.0.0.jar:/home/hdz/.m2/repository/jakarta/security/enterprise/jakarta.security.enterprise-api/3.0.0/jakarta.security.enterprise-api-3.0.0.jar:/home/hdz/.m2/repository/jakarta/jms/jakarta.jms-api/3.1.0/jakarta.jms-api-3.1.0.jar:/home/hdz/.m2/repository/jakarta/activation/jakarta.activation-api/2.1.0/jakarta.activation-api-2.1.0.jar:/home/hdz/.m2/repository/jakarta/mail/jakarta.mail-api/2.1.0/jakarta.mail-api-2.1.0.jar:/home/hdz/.m2/repository/jakarta/resource/jakarta.resource-api/2.1.0/jakarta.resource-api-2.1.0.jar:/home/hdz/.m2/repository/jakarta/authorization/jakarta.authorization-api/2.1.0/jakarta.authorization-api-2.1.0.jar:/home/hdz/.m2/repository/jakarta/batch/jakarta.batch-api/2.1.1/jakarta.batch-api-2.1.1.jar:/home/hdz/.m2/repository/org/mockito/mockito-core/5.12.0/mockito-core-5.12.0.jar:/home/hdz/.m2/repository/net/bytebuddy/byte-buddy/1.14.15/byte-buddy-1.14.15.jar:/home/hdz/.m2/repository/net/bytebuddy/byte-buddy-agent/1.14.15/byte-buddy-agent-1.14.15.jar:/home/hdz/.m2/repository/org/objenesis/objenesis/3.3/objenesis-3.3.jar:/home/hdz/.m2/repository/org/mockito/mockito-junit-jupiter/5.12.0/mockito-junit-jupiter-5.12.0.jar:/home/hdz/.m2/repository/org/junit/jupiter/junit-jupiter-api/5.10.2/junit-jupiter-api-5.10.2.jar:/home/hdz/.m2/repository/org/opentest4j/opentest4j/1.3.0/opentest4j-1.3.0.jar:/home/hdz/.m2/repository/org/junit/platform/junit-platform-commons/1.10.2/junit-platform-commons-1.10.2.jar:/home/hdz/.m2/repository/org/apiguardian/apiguardian-api/1.1.2/apiguardian-api-1.1.2.jar:/home/hdz/.m2/repository/org/junit/jupiter/junit-jupiter-engine/5.10.2/junit-jupiter-engine-5.10.2.jar:/home/hdz/.m2/repository/org/junit/platform/junit-platform-engine/1.10.2/junit-platform-engine-1.10.2.jar:/home/hdz/.m2/repository/org/glassfish/jersey/core/jersey-client/3.1.3/jersey-client-3.1.3.jar:/home/hdz/.m2/repository/jakarta/ws/rs/jakarta.ws.rs-api/3.1.0/jakarta.ws.rs-api-3.1.0.jar:/home/hdz/.m2/repository/jakarta/inject/jakarta.inject-api/2.0.1/jakarta.inject-api-2.0.1.jar:/home/hdz/.m2/repository/org/glassfish/jersey/core/jersey-common/3.1.3/jersey-common-3.1.3.jar:/home/hdz/.m2/repository/jakarta/annotation/jakarta.annotation-api/2.1.1/jakarta.annotation-api-2.1.1.jar:/home/hdz/.m2/repository/org/glassfish/hk2/osgi-resource-locator/1.0.3/osgi-resource-locator-1.0.3.jar:/home/hdz/.m2/repository/org/glassfish/jersey/media/jersey-media-json-binding/3.1.3/jersey-media-json-binding-3.1.3.jar:/home/hdz/.m2/repository/jakarta/json/jakarta.json-api/2.1.2/jakarta.json-api-2.1.2.jar:/home/hdz/.m2/repository/jakarta/json/bind/jakarta.json.bind-api/3.0.0/jakarta.json.bind-api-3.0.0.jar:/home/hdz/.m2/repository/org/eclipse/parsson/parsson/1.1.1/parsson-1.1.1.jar:/home/hdz/.m2/repository/org/eclipse/yasson/3.0.3/yasson-3.0.3.jar:/home/hdz/.m2/repository/org/glassfish/jersey/media/jersey-media-jaxb/3.1.2/jersey-media-jaxb-3.1.2.jar:/home/hdz/.m2/repository/org/testcontainers/junit-jupiter/1.20.4/junit-jupiter-1.20.4.jar:/home/hdz/.m2/repository/org/testcontainers/testcontainers/1.20.4/testcontainers-1.20.4.jar:/home/hdz/.m2/repository/junit/junit/4.13.2/junit-4.13.2.jar:/home/hdz/.m2/repository/org/hamcrest/hamcrest-core/1.3/hamcrest-core-1.3.jar:/home/hdz/.m2/repository/org/slf4j/slf4j-api/1.7.36/slf4j-api-1.7.36.jar:/home/hdz/.m2/repository/org/apache/commons/commons-compress/1.24.0/commons-compress-1.24.0.jar:/home/hdz/.m2/repository/org/rnorth/duct-tape/duct-tape/1.0.8/duct-tape-1.0.8.jar:/home/hdz/.m2/repository/org/jetbrains/annotations/17.0.0/annotations-17.0.0.jar:/home/hdz/.m2/repository/com/github/docker-java/docker-java-api/3.4.0/docker-java-api-3.4.0.jar:/home/hdz/.m2/repository/com/fasterxml/jackson/core/jackson-annotations/2.10.3/jackson-annotations-2.10.3.jar:/home/hdz/.m2/repository/com/github/docker-java/docker-java-transport-zerodep/3.4.0/docker-java-transport-zerodep-3.4.0.jar:/home/hdz/.m2/repository/com/github/docker-java/docker-java-transport/3.4.0/docker-java-transport-3.4.0.jar:/home/hdz/.m2/repository/net/java/dev/jna/jna/5.13.0/jna-5.13.0.jar:/home/hdz/.m2/repository/org/testcontainers/postgresql/1.20.4/postgresql-1.20.4.jar:/home/hdz/.m2/repository/org/testcontainers/jdbc/1.20.4/jdbc-1.20.4.jar:/home/hdz/.m2/repository/org/testcontainers/database-commons/1.20.4/database-commons-1.20.4.jar:/home/hdz/.m2/repository/org/eclipse/persistence/org.eclipse.persistence.jpa/4.0.5/org.eclipse.persistence.jpa-4.0.5.jar:/home/hdz/.m2/repository/org/eclipse/persistence/org.eclipse.persistence.asm/9.7.1/org.eclipse.persistence.asm-9.7.1.jar:/home/hdz/.m2/repository/org/eclipse/persistence/org.eclipse.persistence.core/4.0.5/org.eclipse.persistence.core-4.0.5.jar:/home/hdz/.m2/repository/org/eclipse/persistence/org.eclipse.persistence.jpa.jpql/4.0.5/org.eclipse.persistence.jpa.jpql-4.0.5.jar:/home/hdz/.m2/repository/jakarta/persistence/jakarta.persistence-api/3.1.0/jakarta.persistence-api-3.1.0.jar:/home/hdz/.m2/repository/org/postgresql/postgresql/42.7.3/postgresql-42.7.3.jar:/home/hdz/.m2/repository/org/checkerframework/checker-qual/3.42.0/checker-qual-3.42.0.jar:/home/hdz/.m2/repository/org/slf4j/slf4j-simple/1.7.36/slf4j-simple-1.7.36.jar:"/>
>>>>>>> 077760b (Agregando pruebas ComboBeanIT y ComboDetalleBeanIT y archivos necesarios)
    <property name="sun.cpu.endian" value="little"/>
    <property name="user.home" value="/home/hdz"/>
    <property name="user.language" value="es"/>
    <property name="java.specification.vendor" value="Oracle Corporation"/>
    <property name="java.version.date" value="2024-07-16"/>
    <property name="java.home" value="/usr/lib/jvm/jdk-21.0.4-oracle-x64"/>
    <property name="file.separator" value="/"/>
    <property name="basedir" value="/home/hdz/TPI/PupaSv"/>
    <property name="java.vm.compressedOopsMode" value="Zero based"/>
    <property name="line.separator" value="&#10;"/>
    <property name="java.specification.name" value="Java Platform API Specification"/>
    <property name="java.vm.specification.vendor" value="Oracle Corporation"/>
<<<<<<< HEAD
    <property name="surefire.real.class.path" value="/usr/local/proyectos/PupaSv/target/surefire/surefirebooter-20250409110759476_3.jar"/>
=======
    <property name="surefire.real.class.path" value="/home/hdz/TPI/PupaSv/target/surefire/surefirebooter-20250407191924249_3.jar"/>
>>>>>>> 077760b (Agregando pruebas ComboBeanIT y ComboDetalleBeanIT y archivos necesarios)
    <property name="sun.management.compiler" value="HotSpot 64-Bit Tiered Compilers"/>
    <property name="java.runtime.version" value="21.0.4+8-LTS-274"/>
    <property name="user.name" value="hdz"/>
    <property name="stdout.encoding" value="UTF-8"/>
    <property name="path.separator" value=":"/>
    <property name="os.version" value="6.1.0-32-amd64"/>
    <property name="java.runtime.name" value="Java(TM) SE Runtime Environment"/>
    <property name="file.encoding" value="UTF-8"/>
    <property name="java.vm.name" value="Java HotSpot(TM) 64-Bit Server VM"/>
    <property name="localRepository" value="/home/hdz/.m2/repository"/>
    <property name="java.vendor.url.bug" value="https://bugreport.java.com/bugreport/"/>
    <property name="java.io.tmpdir" value="/tmp"/>
    <property name="java.version" value="21.0.4"/>
    <property name="user.dir" value="/home/hdz/TPI/PupaSv"/>
    <property name="os.arch" value="amd64"/>
    <property name="java.vm.specification.name" value="Java Virtual Machine Specification"/>
    <property name="native.encoding" value="UTF-8"/>
    <property name="java.library.path" value=":/usr/java/packages/lib:/usr/lib64:/lib64:/lib:/usr/lib"/>
    <property name="java.vm.info" value="mixed mode, sharing"/>
    <property name="stderr.encoding" value="UTF-8"/>
    <property name="java.vendor" value="Oracle Corporation"/>
    <property name="java.vm.version" value="21.0.4+8-LTS-274"/>
    <property name="sun.io.unicode.encoding" value="UnicodeLittle"/>
    <property name="java.class.version" value="65.0"/>
  </properties>
<<<<<<< HEAD
  <testcase name="testCreate" classname="sv.edu.ues.occ.ingenieria.tpi135_2025.boundary.resources.rest.ProductoResourceIT" time="0.761">
    <system-out><![CDATA[Producto testSI create
]]></system-out>
    <system-err><![CDATA[abr 09, 2025 11:08:44 A. M. org.glassfish.jersey.client.innate.inject.NonInjectionManager <init>
ADVERTENCIA: Falling back to injection-less client.
]]></system-err>
  </testcase>
  <testcase name="testGetRange" classname="sv.edu.ues.occ.ingenieria.tpi135_2025.boundary.resources.rest.ProductoResourceIT" time="0.084">
    <system-out><![CDATA[Producto  testSI getRange
]]></system-out>
  </testcase>
  <testcase name="testUpdate" classname="sv.edu.ues.occ.ingenieria.tpi135_2025.boundary.resources.rest.ProductoResourceIT" time="0.032">
    <system-out><![CDATA[Producto  testSI update
]]></system-out>
  </testcase>
  <testcase name="testGetById" classname="sv.edu.ues.occ.ingenieria.tpi135_2025.boundary.resources.rest.ProductoResourceIT" time="0.017">
    <system-out><![CDATA[Producto  testSI getById
]]></system-out>
  </testcase>
  <testcase name="testDelete" classname="sv.edu.ues.occ.ingenieria.tpi135_2025.boundary.resources.rest.ProductoResourceIT" time="0.127">
=======
  <testcase name="testCreate" classname="sv.edu.ues.occ.ingenieria.tpi135_2025.boundary.resources.rest.ProductoResourceIT" time="0.997">
    <system-out><![CDATA[Producto testSI create
]]></system-out>
    <system-err><![CDATA[[testcontainers-lifecycle-0] INFO tc.postgres:16-alpine - Creating container for image: postgres:16-alpine
[testcontainers-lifecycle-0] INFO tc.postgres:16-alpine - Container postgres:16-alpine is starting: 4c7c7a356fb3bfaabcebd158a68b5ea4c0a3a87ef0c872d45f94a760048585fc
[testcontainers-lifecycle-0] INFO tc.postgres:16-alpine - Container postgres:16-alpine started in PT1.88007166S
[testcontainers-lifecycle-0] INFO tc.postgres:16-alpine - Container is started (JDBC URL: jdbc:postgresql://localhost:32837/Tipicos?loggerLevel=OFF)
[testcontainers-lifecycle-0] INFO org.testcontainers.ext.ScriptUtils - Executing database script from tipicos_tpi135_2025.sql
[testcontainers-lifecycle-0] INFO org.testcontainers.ext.ScriptUtils - Executed database script from tipicos_tpi135_2025.sql in 164 ms.
[main] INFO tc.liberty_app:latest - Creating container for image: liberty_app:latest
[main] INFO tc.liberty_app:latest - Container liberty_app:latest is starting: d7dcb6df5602b755555f37c17608f33121e2f4032964f1f54130eb71fbb656e9
[main] INFO tc.liberty_app:latest - Container liberty_app:latest started in PT14.718550279S
abr 07, 2025 7:20:24 P. M. org.glassfish.jersey.client.innate.inject.NonInjectionManager <init>
WARNING: Falling back to injection-less client.
]]></system-err>
  </testcase>
  <testcase name="testGetRange" classname="sv.edu.ues.occ.ingenieria.tpi135_2025.boundary.resources.rest.ProductoResourceIT" time="0.118">
    <system-out><![CDATA[Producto  testSI getRange
]]></system-out>
  </testcase>
  <testcase name="testUpdate" classname="sv.edu.ues.occ.ingenieria.tpi135_2025.boundary.resources.rest.ProductoResourceIT" time="0.037">
    <system-out><![CDATA[Producto  testSI update
]]></system-out>
  </testcase>
  <testcase name="testGetById" classname="sv.edu.ues.occ.ingenieria.tpi135_2025.boundary.resources.rest.ProductoResourceIT" time="0.031">
    <system-out><![CDATA[Producto  testSI getById
]]></system-out>
  </testcase>
  <testcase name="testDelete" classname="sv.edu.ues.occ.ingenieria.tpi135_2025.boundary.resources.rest.ProductoResourceIT" time="0.23">
>>>>>>> 077760b (Agregando pruebas ComboBeanIT y ComboDetalleBeanIT y archivos necesarios)
    <system-out><![CDATA[Producto  testSIdelete
]]></system-out>
  </testcase>
</testsuite>