<?xml version="1.0" encoding="UTF-8"?>
<testsuite xmlns:xsi="http://www.w3.org/2001/XMLSchema-instance" xsi:noNamespaceSchemaLocation="https://maven.apache.org/surefire/maven-failsafe-plugin/xsd/failsafe-test-report.xsd" version="3.0.2" name="sv.edu.ues.occ.ingenieria.tpi135_2025.boundary.resources.rest.ProductoDetalleResourceIT" time="11.786" tests="4" errors="0" skipped="0" failures="4">
  <properties>
    <property name="java.specification.version" value="21"/>
    <property name="sun.jnu.encoding" value="UTF-8"/>
    <property name="java.class.path" value="/usr/local/proyectos/PupaSv/target/test-classes:/usr/local/proyectos/PupaSv/target/classes:/home/mjlopez/.m2/repository/jakarta/platform/jakarta.jakartaee-api/10.0.0/jakarta.jakartaee-api-10.0.0.jar:/home/mjlopez/.m2/repository/jakarta/platform/jakarta.jakartaee-web-api/10.0.0/jakarta.jakartaee-web-api-10.0.0.jar:/home/mjlopez/.m2/repository/jakarta/servlet/jakarta.servlet-api/6.0.0/jakarta.servlet-api-6.0.0.jar:/home/mjlopez/.m2/repository/jakarta/servlet/jsp/jakarta.servlet.jsp-api/3.1.0/jakarta.servlet.jsp-api-3.1.0.jar:/home/mjlopez/.m2/repository/jakarta/el/jakarta.el-api/5.0.1/jakarta.el-api-5.0.1.jar:/home/mjlopez/.m2/repository/jakarta/servlet/jsp/jstl/jakarta.servlet.jsp.jstl-api/3.0.0/jakarta.servlet.jsp.jstl-api-3.0.0.jar:/home/mjlopez/.m2/repository/jakarta/faces/jakarta.faces-api/4.0.1/jakarta.faces-api-4.0.1.jar:/home/mjlopez/.m2/repository/jakarta/websocket/jakarta.websocket-api/2.1.0/jakarta.websocket-api-2.1.0.jar:/home/mjlopez/.m2/repository/jakarta/websocket/jakarta.websocket-client-api/2.1.0/jakarta.websocket-client-api-2.1.0.jar:/home/mjlopez/.m2/repository/jakarta/ejb/jakarta.ejb-api/4.0.1/jakarta.ejb-api-4.0.1.jar:/home/mjlopez/.m2/repository/jakarta/transaction/jakarta.transaction-api/2.0.1/jakarta.transaction-api-2.0.1.jar:/home/mjlopez/.m2/repository/jakarta/validation/jakarta.validation-api/3.0.2/jakarta.validation-api-3.0.2.jar:/home/mjlopez/.m2/repository/jakarta/interceptor/jakarta.interceptor-api/2.1.0/jakarta.interceptor-api-2.1.0.jar:/home/mjlopez/.m2/repository/jakarta/enterprise/jakarta.enterprise.cdi-api/4.0.1/jakarta.enterprise.cdi-api-4.0.1.jar:/home/mjlopez/.m2/repository/jakarta/enterprise/jakarta.enterprise.lang-model/4.0.1/jakarta.enterprise.lang-model-4.0.1.jar:/home/mjlopez/.m2/repository/jakarta/authentication/jakarta.authentication-api/3.0.0/jakarta.authentication-api-3.0.0.jar:/home/mjlopez/.m2/repository/jakarta/security/enterprise/jakarta.security.enterprise-api/3.0.0/jakarta.security.enterprise-api-3.0.0.jar:/home/mjlopez/.m2/repository/jakarta/jms/jakarta.jms-api/3.1.0/jakarta.jms-api-3.1.0.jar:/home/mjlopez/.m2/repository/jakarta/activation/jakarta.activation-api/2.1.0/jakarta.activation-api-2.1.0.jar:/home/mjlopez/.m2/repository/jakarta/mail/jakarta.mail-api/2.1.0/jakarta.mail-api-2.1.0.jar:/home/mjlopez/.m2/repository/jakarta/resource/jakarta.resource-api/2.1.0/jakarta.resource-api-2.1.0.jar:/home/mjlopez/.m2/repository/jakarta/authorization/jakarta.authorization-api/2.1.0/jakarta.authorization-api-2.1.0.jar:/home/mjlopez/.m2/repository/jakarta/batch/jakarta.batch-api/2.1.1/jakarta.batch-api-2.1.1.jar:/home/mjlopez/.m2/repository/org/mockito/mockito-core/5.12.0/mockito-core-5.12.0.jar:/home/mjlopez/.m2/repository/net/bytebuddy/byte-buddy/1.14.15/byte-buddy-1.14.15.jar:/home/mjlopez/.m2/repository/net/bytebuddy/byte-buddy-agent/1.14.15/byte-buddy-agent-1.14.15.jar:/home/mjlopez/.m2/repository/org/objenesis/objenesis/3.3/objenesis-3.3.jar:/home/mjlopez/.m2/repository/org/mockito/mockito-junit-jupiter/5.12.0/mockito-junit-jupiter-5.12.0.jar:/home/mjlopez/.m2/repository/org/junit/jupiter/junit-jupiter-api/5.10.2/junit-jupiter-api-5.10.2.jar:/home/mjlopez/.m2/repository/org/opentest4j/opentest4j/1.3.0/opentest4j-1.3.0.jar:/home/mjlopez/.m2/repository/org/junit/platform/junit-platform-commons/1.10.2/junit-platform-commons-1.10.2.jar:/home/mjlopez/.m2/repository/org/apiguardian/apiguardian-api/1.1.2/apiguardian-api-1.1.2.jar:/home/mjlopez/.m2/repository/org/junit/jupiter/junit-jupiter-engine/5.10.2/junit-jupiter-engine-5.10.2.jar:/home/mjlopez/.m2/repository/org/junit/platform/junit-platform-engine/1.10.2/junit-platform-engine-1.10.2.jar:/home/mjlopez/.m2/repository/org/glassfish/jersey/core/jersey-client/3.1.3/jersey-client-3.1.3.jar:/home/mjlopez/.m2/repository/jakarta/ws/rs/jakarta.ws.rs-api/3.1.0/jakarta.ws.rs-api-3.1.0.jar:/home/mjlopez/.m2/repository/jakarta/inject/jakarta.inject-api/2.0.1/jakarta.inject-api-2.0.1.jar:/home/mjlopez/.m2/repository/org/glassfish/jersey/core/jersey-common/3.1.3/jersey-common-3.1.3.jar:/home/mjlopez/.m2/repository/jakarta/annotation/jakarta.annotation-api/2.1.1/jakarta.annotation-api-2.1.1.jar:/home/mjlopez/.m2/repository/org/glassfish/hk2/osgi-resource-locator/1.0.3/osgi-resource-locator-1.0.3.jar:/home/mjlopez/.m2/repository/org/glassfish/jersey/media/jersey-media-json-binding/3.1.3/jersey-media-json-binding-3.1.3.jar:/home/mjlopez/.m2/repository/jakarta/json/jakarta.json-api/2.1.2/jakarta.json-api-2.1.2.jar:/home/mjlopez/.m2/repository/jakarta/json/bind/jakarta.json.bind-api/3.0.0/jakarta.json.bind-api-3.0.0.jar:/home/mjlopez/.m2/repository/org/eclipse/parsson/parsson/1.1.1/parsson-1.1.1.jar:/home/mjlopez/.m2/repository/org/eclipse/yasson/3.0.3/yasson-3.0.3.jar:/home/mjlopez/.m2/repository/org/glassfish/jersey/media/jersey-media-jaxb/3.1.2/jersey-media-jaxb-3.1.2.jar:/home/mjlopez/.m2/repository/org/testcontainers/junit-jupiter/1.20.4/junit-jupiter-1.20.4.jar:/home/mjlopez/.m2/repository/org/testcontainers/testcontainers/1.20.4/testcontainers-1.20.4.jar:/home/mjlopez/.m2/repository/junit/junit/4.13.2/junit-4.13.2.jar:/home/mjlopez/.m2/repository/org/hamcrest/hamcrest-core/1.3/hamcrest-core-1.3.jar:/home/mjlopez/.m2/repository/org/slf4j/slf4j-api/1.7.36/slf4j-api-1.7.36.jar:/home/mjlopez/.m2/repository/org/apache/commons/commons-compress/1.24.0/commons-compress-1.24.0.jar:/home/mjlopez/.m2/repository/org/rnorth/duct-tape/duct-tape/1.0.8/duct-tape-1.0.8.jar:/home/mjlopez/.m2/repository/org/jetbrains/annotations/17.0.0/annotations-17.0.0.jar:/home/mjlopez/.m2/repository/com/github/docker-java/docker-java-api/3.4.0/docker-java-api-3.4.0.jar:/home/mjlopez/.m2/repository/com/fasterxml/jackson/core/jackson-annotations/2.10.3/jackson-annotations-2.10.3.jar:/home/mjlopez/.m2/repository/com/github/docker-java/docker-java-transport-zerodep/3.4.0/docker-java-transport-zerodep-3.4.0.jar:/home/mjlopez/.m2/repository/com/github/docker-java/docker-java-transport/3.4.0/docker-java-transport-3.4.0.jar:/home/mjlopez/.m2/repository/net/java/dev/jna/jna/5.13.0/jna-5.13.0.jar:/home/mjlopez/.m2/repository/org/testcontainers/postgresql/1.20.4/postgresql-1.20.4.jar:/home/mjlopez/.m2/repository/org/testcontainers/jdbc/1.20.4/jdbc-1.20.4.jar:/home/mjlopez/.m2/repository/org/testcontainers/database-commons/1.20.4/database-commons-1.20.4.jar:/home/mjlopez/.m2/repository/org/eclipse/persistence/org.eclipse.persistence.jpa/4.0.5/org.eclipse.persistence.jpa-4.0.5.jar:/home/mjlopez/.m2/repository/org/eclipse/persistence/org.eclipse.persistence.asm/9.7.1/org.eclipse.persistence.asm-9.7.1.jar:/home/mjlopez/.m2/repository/org/eclipse/persistence/org.eclipse.persistence.core/4.0.5/org.eclipse.persistence.core-4.0.5.jar:/home/mjlopez/.m2/repository/org/eclipse/persistence/org.eclipse.persistence.jpa.jpql/4.0.5/org.eclipse.persistence.jpa.jpql-4.0.5.jar:/home/mjlopez/.m2/repository/jakarta/persistence/jakarta.persistence-api/3.1.0/jakarta.persistence-api-3.1.0.jar:/home/mjlopez/.m2/repository/org/postgresql/postgresql/42.7.3/postgresql-42.7.3.jar:/home/mjlopez/.m2/repository/org/checkerframework/checker-qual/3.42.0/checker-qual-3.42.0.jar:"/>
    <property name="java.vm.vendor" value="Ubuntu"/>
    <property name="sun.arch.data.model" value="64"/>
    <property name="java.vendor.url" value="https://ubuntu.com/"/>
    <property name="user.timezone" value="America/El_Salvador"/>
    <property name="os.name" value="Linux"/>
    <property name="java.vm.specification.version" value="21"/>
    <property name="sun.java.launcher" value="SUN_STANDARD"/>
    <property name="user.country" value="ES"/>
    <property name="sun.boot.library.path" value="/usr/lib/jvm/java-21-openjdk-amd64/lib"/>
    <property name="sun.java.command" value="/usr/local/proyectos/PupaSv/target/surefire/surefirebooter-20250404182744101_3.jar /usr/local/proyectos/PupaSv/target/surefire 2025-04-04T18-27-44_058-jvmRun1 surefire-20250404182744101_1tmp surefire_0-20250404182744101_2tmp"/>
    <property name="jdk.debug" value="release"/>
    <property name="surefire.test.class.path" value="/usr/local/proyectos/PupaSv/target/test-classes:/usr/local/proyectos/PupaSv/target/classes:/home/mjlopez/.m2/repository/jakarta/platform/jakarta.jakartaee-api/10.0.0/jakarta.jakartaee-api-10.0.0.jar:/home/mjlopez/.m2/repository/jakarta/platform/jakarta.jakartaee-web-api/10.0.0/jakarta.jakartaee-web-api-10.0.0.jar:/home/mjlopez/.m2/repository/jakarta/servlet/jakarta.servlet-api/6.0.0/jakarta.servlet-api-6.0.0.jar:/home/mjlopez/.m2/repository/jakarta/servlet/jsp/jakarta.servlet.jsp-api/3.1.0/jakarta.servlet.jsp-api-3.1.0.jar:/home/mjlopez/.m2/repository/jakarta/el/jakarta.el-api/5.0.1/jakarta.el-api-5.0.1.jar:/home/mjlopez/.m2/repository/jakarta/servlet/jsp/jstl/jakarta.servlet.jsp.jstl-api/3.0.0/jakarta.servlet.jsp.jstl-api-3.0.0.jar:/home/mjlopez/.m2/repository/jakarta/faces/jakarta.faces-api/4.0.1/jakarta.faces-api-4.0.1.jar:/home/mjlopez/.m2/repository/jakarta/websocket/jakarta.websocket-api/2.1.0/jakarta.websocket-api-2.1.0.jar:/home/mjlopez/.m2/repository/jakarta/websocket/jakarta.websocket-client-api/2.1.0/jakarta.websocket-client-api-2.1.0.jar:/home/mjlopez/.m2/repository/jakarta/ejb/jakarta.ejb-api/4.0.1/jakarta.ejb-api-4.0.1.jar:/home/mjlopez/.m2/repository/jakarta/transaction/jakarta.transaction-api/2.0.1/jakarta.transaction-api-2.0.1.jar:/home/mjlopez/.m2/repository/jakarta/validation/jakarta.validation-api/3.0.2/jakarta.validation-api-3.0.2.jar:/home/mjlopez/.m2/repository/jakarta/interceptor/jakarta.interceptor-api/2.1.0/jakarta.interceptor-api-2.1.0.jar:/home/mjlopez/.m2/repository/jakarta/enterprise/jakarta.enterprise.cdi-api/4.0.1/jakarta.enterprise.cdi-api-4.0.1.jar:/home/mjlopez/.m2/repository/jakarta/enterprise/jakarta.enterprise.lang-model/4.0.1/jakarta.enterprise.lang-model-4.0.1.jar:/home/mjlopez/.m2/repository/jakarta/authentication/jakarta.authentication-api/3.0.0/jakarta.authentication-api-3.0.0.jar:/home/mjlopez/.m2/repository/jakarta/security/enterprise/jakarta.security.enterprise-api/3.0.0/jakarta.security.enterprise-api-3.0.0.jar:/home/mjlopez/.m2/repository/jakarta/jms/jakarta.jms-api/3.1.0/jakarta.jms-api-3.1.0.jar:/home/mjlopez/.m2/repository/jakarta/activation/jakarta.activation-api/2.1.0/jakarta.activation-api-2.1.0.jar:/home/mjlopez/.m2/repository/jakarta/mail/jakarta.mail-api/2.1.0/jakarta.mail-api-2.1.0.jar:/home/mjlopez/.m2/repository/jakarta/resource/jakarta.resource-api/2.1.0/jakarta.resource-api-2.1.0.jar:/home/mjlopez/.m2/repository/jakarta/authorization/jakarta.authorization-api/2.1.0/jakarta.authorization-api-2.1.0.jar:/home/mjlopez/.m2/repository/jakarta/batch/jakarta.batch-api/2.1.1/jakarta.batch-api-2.1.1.jar:/home/mjlopez/.m2/repository/org/mockito/mockito-core/5.12.0/mockito-core-5.12.0.jar:/home/mjlopez/.m2/repository/net/bytebuddy/byte-buddy/1.14.15/byte-buddy-1.14.15.jar:/home/mjlopez/.m2/repository/net/bytebuddy/byte-buddy-agent/1.14.15/byte-buddy-agent-1.14.15.jar:/home/mjlopez/.m2/repository/org/objenesis/objenesis/3.3/objenesis-3.3.jar:/home/mjlopez/.m2/repository/org/mockito/mockito-junit-jupiter/5.12.0/mockito-junit-jupiter-5.12.0.jar:/home/mjlopez/.m2/repository/org/junit/jupiter/junit-jupiter-api/5.10.2/junit-jupiter-api-5.10.2.jar:/home/mjlopez/.m2/repository/org/opentest4j/opentest4j/1.3.0/opentest4j-1.3.0.jar:/home/mjlopez/.m2/repository/org/junit/platform/junit-platform-commons/1.10.2/junit-platform-commons-1.10.2.jar:/home/mjlopez/.m2/repository/org/apiguardian/apiguardian-api/1.1.2/apiguardian-api-1.1.2.jar:/home/mjlopez/.m2/repository/org/junit/jupiter/junit-jupiter-engine/5.10.2/junit-jupiter-engine-5.10.2.jar:/home/mjlopez/.m2/repository/org/junit/platform/junit-platform-engine/1.10.2/junit-platform-engine-1.10.2.jar:/home/mjlopez/.m2/repository/org/glassfish/jersey/core/jersey-client/3.1.3/jersey-client-3.1.3.jar:/home/mjlopez/.m2/repository/jakarta/ws/rs/jakarta.ws.rs-api/3.1.0/jakarta.ws.rs-api-3.1.0.jar:/home/mjlopez/.m2/repository/jakarta/inject/jakarta.inject-api/2.0.1/jakarta.inject-api-2.0.1.jar:/home/mjlopez/.m2/repository/org/glassfish/jersey/core/jersey-common/3.1.3/jersey-common-3.1.3.jar:/home/mjlopez/.m2/repository/jakarta/annotation/jakarta.annotation-api/2.1.1/jakarta.annotation-api-2.1.1.jar:/home/mjlopez/.m2/repository/org/glassfish/hk2/osgi-resource-locator/1.0.3/osgi-resource-locator-1.0.3.jar:/home/mjlopez/.m2/repository/org/glassfish/jersey/media/jersey-media-json-binding/3.1.3/jersey-media-json-binding-3.1.3.jar:/home/mjlopez/.m2/repository/jakarta/json/jakarta.json-api/2.1.2/jakarta.json-api-2.1.2.jar:/home/mjlopez/.m2/repository/jakarta/json/bind/jakarta.json.bind-api/3.0.0/jakarta.json.bind-api-3.0.0.jar:/home/mjlopez/.m2/repository/org/eclipse/parsson/parsson/1.1.1/parsson-1.1.1.jar:/home/mjlopez/.m2/repository/org/eclipse/yasson/3.0.3/yasson-3.0.3.jar:/home/mjlopez/.m2/repository/org/glassfish/jersey/media/jersey-media-jaxb/3.1.2/jersey-media-jaxb-3.1.2.jar:/home/mjlopez/.m2/repository/org/testcontainers/junit-jupiter/1.20.4/junit-jupiter-1.20.4.jar:/home/mjlopez/.m2/repository/org/testcontainers/testcontainers/1.20.4/testcontainers-1.20.4.jar:/home/mjlopez/.m2/repository/junit/junit/4.13.2/junit-4.13.2.jar:/home/mjlopez/.m2/repository/org/hamcrest/hamcrest-core/1.3/hamcrest-core-1.3.jar:/home/mjlopez/.m2/repository/org/slf4j/slf4j-api/1.7.36/slf4j-api-1.7.36.jar:/home/mjlopez/.m2/repository/org/apache/commons/commons-compress/1.24.0/commons-compress-1.24.0.jar:/home/mjlopez/.m2/repository/org/rnorth/duct-tape/duct-tape/1.0.8/duct-tape-1.0.8.jar:/home/mjlopez/.m2/repository/org/jetbrains/annotations/17.0.0/annotations-17.0.0.jar:/home/mjlopez/.m2/repository/com/github/docker-java/docker-java-api/3.4.0/docker-java-api-3.4.0.jar:/home/mjlopez/.m2/repository/com/fasterxml/jackson/core/jackson-annotations/2.10.3/jackson-annotations-2.10.3.jar:/home/mjlopez/.m2/repository/com/github/docker-java/docker-java-transport-zerodep/3.4.0/docker-java-transport-zerodep-3.4.0.jar:/home/mjlopez/.m2/repository/com/github/docker-java/docker-java-transport/3.4.0/docker-java-transport-3.4.0.jar:/home/mjlopez/.m2/repository/net/java/dev/jna/jna/5.13.0/jna-5.13.0.jar:/home/mjlopez/.m2/repository/org/testcontainers/postgresql/1.20.4/postgresql-1.20.4.jar:/home/mjlopez/.m2/repository/org/testcontainers/jdbc/1.20.4/jdbc-1.20.4.jar:/home/mjlopez/.m2/repository/org/testcontainers/database-commons/1.20.4/database-commons-1.20.4.jar:/home/mjlopez/.m2/repository/org/eclipse/persistence/org.eclipse.persistence.jpa/4.0.5/org.eclipse.persistence.jpa-4.0.5.jar:/home/mjlopez/.m2/repository/org/eclipse/persistence/org.eclipse.persistence.asm/9.7.1/org.eclipse.persistence.asm-9.7.1.jar:/home/mjlopez/.m2/repository/org/eclipse/persistence/org.eclipse.persistence.core/4.0.5/org.eclipse.persistence.core-4.0.5.jar:/home/mjlopez/.m2/repository/org/eclipse/persistence/org.eclipse.persistence.jpa.jpql/4.0.5/org.eclipse.persistence.jpa.jpql-4.0.5.jar:/home/mjlopez/.m2/repository/jakarta/persistence/jakarta.persistence-api/3.1.0/jakarta.persistence-api-3.1.0.jar:/home/mjlopez/.m2/repository/org/postgresql/postgresql/42.7.3/postgresql-42.7.3.jar:/home/mjlopez/.m2/repository/org/checkerframework/checker-qual/3.42.0/checker-qual-3.42.0.jar:"/>
    <property name="sun.cpu.endian" value="little"/>
    <property name="user.home" value="/home/mjlopez"/>
    <property name="user.language" value="es"/>
    <property name="java.specification.vendor" value="Oracle Corporation"/>
    <property name="java.version.date" value="2025-01-21"/>
    <property name="java.home" value="/usr/lib/jvm/java-21-openjdk-amd64"/>
    <property name="file.separator" value="/"/>
    <property name="basedir" value="/usr/local/proyectos/PupaSv"/>
    <property name="java.vm.compressedOopsMode" value="Zero based"/>
    <property name="line.separator" value="&#10;"/>
    <property name="java.specification.name" value="Java Platform API Specification"/>
    <property name="java.vm.specification.vendor" value="Oracle Corporation"/>
    <property name="surefire.real.class.path" value="/usr/local/proyectos/PupaSv/target/surefire/surefirebooter-20250404182744101_3.jar"/>
    <property name="sun.management.compiler" value="HotSpot 64-Bit Tiered Compilers"/>
    <property name="java.runtime.version" value="21.0.6+7-Ubuntu-124.04.1"/>
    <property name="user.name" value="mjlopez"/>
    <property name="stdout.encoding" value="UTF-8"/>
    <property name="path.separator" value=":"/>
    <property name="os.version" value="6.11.0-21-generic"/>
    <property name="java.runtime.name" value="OpenJDK Runtime Environment"/>
    <property name="file.encoding" value="UTF-8"/>
    <property name="java.vm.name" value="OpenJDK 64-Bit Server VM"/>
    <property name="localRepository" value="/home/mjlopez/.m2/repository"/>
    <property name="java.vendor.url.bug" value="https://bugs.launchpad.net/ubuntu/+source/openjdk-21"/>
    <property name="java.io.tmpdir" value="/tmp"/>
    <property name="java.version" value="21.0.6"/>
    <property name="user.dir" value="/usr/local/proyectos/PupaSv"/>
    <property name="os.arch" value="amd64"/>
    <property name="java.vm.specification.name" value="Java Virtual Machine Specification"/>
    <property name="native.encoding" value="UTF-8"/>
    <property name="java.library.path" value="/usr/java/packages/lib:/usr/lib/x86_64-linux-gnu/jni:/lib/x86_64-linux-gnu:/usr/lib/x86_64-linux-gnu:/usr/lib/jni:/lib:/usr/lib"/>
    <property name="java.vm.info" value="mixed mode, sharing"/>
    <property name="stderr.encoding" value="UTF-8"/>
    <property name="java.vendor" value="Ubuntu"/>
    <property name="java.vm.version" value="21.0.6+7-Ubuntu-124.04.1"/>
    <property name="sun.io.unicode.encoding" value="UnicodeLittle"/>
    <property name="java.class.version" value="65.0"/>
  </properties>
  <testcase name="testCreate" classname="sv.edu.ues.occ.ingenieria.tpi135_2025.boundary.resources.rest.ProductoDetalleResourceIT" time="0.232">
    <failure message="expected: &lt;201&gt; but was: &lt;404&gt;" type="org.opentest4j.AssertionFailedError"><![CDATA[org.opentest4j.AssertionFailedError: expected: <201> but was: <404>
	at org.junit.jupiter.api.AssertionFailureBuilder.build(AssertionFailureBuilder.java:151)
	at org.junit.jupiter.api.AssertionFailureBuilder.buildAndThrow(AssertionFailureBuilder.java:132)
	at org.junit.jupiter.api.AssertEquals.failNotEqual(AssertEquals.java:197)
	at org.junit.jupiter.api.AssertEquals.assertEquals(AssertEquals.java:150)
	at org.junit.jupiter.api.AssertEquals.assertEquals(AssertEquals.java:145)
	at org.junit.jupiter.api.Assertions.assertEquals(Assertions.java:531)
	at sv.edu.ues.occ.ingenieria.tpi135_2025.boundary.resources.rest.ProductoDetalleResourceIT.testCreate(ProductoDetalleResourceIT.java:90)
	at java.base/java.lang.reflect.Method.invoke(Method.java:580)
	at java.base/java.util.ArrayList.forEach(ArrayList.java:1596)
	at java.base/java.util.ArrayList.forEach(ArrayList.java:1596)
]]></failure>
    <system-out><![CDATA[ProductoDetalle testSI create

WARNING: Unknown module: jdk.management.agent specified to --add-exports
WARNING: Unknown module: jdk.attach specified to --add-exports
Launching defaultServer (Open Liberty 25.0.0.2/wlp-1.0.98.cl250220250209-1902) on Eclipse OpenJ9 VM, version 21.0.6+7-LTS (en_US)
[AUDIT   ] CWWKE0001I: The server defaultServer has been launched.
[AUDIT   ] CWWKG0093A: Processing configuration drop-ins resource: /opt/ol/wlp/usr/servers/defaultServer/configDropins/defaults/keystore.xml
[AUDIT   ] CWWKG0093A: Processing configuration drop-ins resource: /opt/ol/wlp/usr/servers/defaultServer/configDropins/defaults/open-default-port.xml
[WARNING ] CWWKS3103W: There are no users defined for the BasicRegistry configuration of ID com.ibm.ws.security.registry.basic.config[basic].
[AUDIT   ] CWWKZ0058I: Monitoring dropins for applications.
[AUDIT   ] CWWKS4104A: LTPA keys created in 0.710 seconds. LTPA key file: /opt/ol/wlp/output/defaultServer/resources/security/ltpa.keys
[AUDIT   ] CWPKI0803A: SSL certificate created in 1.725 seconds. SSL key file: /opt/ol/wlp/output/defaultServer/resources/security/key.p12
[AUDIT   ] CWWKI0001I: The CORBA name server is now available at corbaloc:iiop:localhost:2809/NameService.
[AUDIT   ] CWWKT0016I: Web application available (default_host): http://64ddf747ee69:9080/PupaSv-1.0-SNAPSHOT/
[AUDIT   ] CWWKZ0001I: Application PupaSv-1.0-SNAPSHOT started in 2.290 seconds.
[AUDIT   ] CWWKF1037I: The server added the [appAuthentication-3.0, appAuthorization-2.1, appClientSupport-2.0, appSecurity-5.0, batch-2.1, beanValidation-3.0, cdi-4.0, concurrent-3.0, connectors-2.1, enterpriseBeans-4.0, enterpriseBeansHome-4.0, enterpriseBeansLite-4.0, enterpriseBeansPersistentTimer-4.0, enterpriseBeansRemote-4.0, expressionLanguage-5.0, faces-4.0, jakartaee-10.0, jsonb-3.0, jsonp-2.1, mail-2.1, managedBeans-2.0, mdb-4.0, messaging-3.1, messagingClient-3.0, messagingSecurity-3.0, messagingServer-3.0, pages-3.1, persistence-3.1, persistenceContainer-3.1, restfulWS-3.1, restfulWSClient-3.1, servlet-6.0, transportSecurity-1.0, webProfile-10.0, websocket-2.1, xmlBinding-4.0, xmlWS-4.0] features to the existing feature set.
[AUDIT   ] CWWKF0012I: The server installed the following features: [appAuthentication-3.0, appAuthorization-2.1, appClientSupport-2.0, appSecurity-5.0, batch-2.1, beanValidation-3.0, cdi-4.0, concurrent-3.0, connectors-2.1, distributedMap-1.0, enterpriseBeans-4.0, enterpriseBeansHome-4.0, enterpriseBeansLite-4.0, enterpriseBeansPersistentTimer-4.0, enterpriseBeansRemote-4.0, expressionLanguage-5.0, faces-4.0, jakartaee-10.0, jdbc-4.2, jndi-1.0, jsonb-3.0, jsonp-2.1, mail-2.1, managedBeans-2.0, mdb-4.0, messaging-3.1, messagingClient-3.0, messagingSecurity-3.0, messagingServer-3.0, pages-3.1, persistence-3.1, persistenceContainer-3.1, restfulWS-3.1, restfulWSClient-3.1, servlet-6.0, ssl-1.0, transportSecurity-1.0, webProfile-10.0, websocket-2.1, xmlBinding-4.0, xmlWS-4.0].
[AUDIT   ] CWWKF0013I: The server removed the following features: [appClientSupport-1.0, appSecurity-2.0, appSecurity-3.0, batch-1.0, beanValidation-2.0, cdi-2.0, concurrent-1.0, ejb-3.2, ejbHome-3.2, ejbLite-3.2, ejbPersistentTimer-3.2, ejbRemote-3.2, el-3.0, j2eeManagement-1.1, jacc-1.5, jaspic-1.1, javaMail-1.6, javaee-8.0, jaxb-2.2, jaxrs-2.1, jaxrsClient-2.1, jaxws-2.2, jca-1.7, jcaInboundSecurity-1.0, jms-2.0, jpa-2.2, jpaContainer-2.2, jsf-2.3, jsonb-1.0, jsonp-1.1, jsp-2.3, managedBeans-1.0, mdb-3.2, servlet-4.0, wasJmsClient-2.0, wasJmsSecurity-1.0, wasJmsServer-1.0, webProfile-8.0, websocket-1.1].
[AUDIT   ] CWWKF0011I: The defaultServer server is ready to run a smarter planet. The defaultServer server started in 9.020 seconds.

]]></system-out>
    <system-err><![CDATA[abr 04, 2025 6:28:34 P. M. org.glassfish.jersey.client.innate.inject.NonInjectionManager <init>
ADVERTENCIA: Falling back to injection-less client.
]]></system-err>
  </testcase>
  <testcase name="testGetBean" classname="sv.edu.ues.occ.ingenieria.tpi135_2025.boundary.resources.rest.ProductoDetalleResourceIT" time="0.006">
    <failure message="expected: &lt;200&gt; but was: &lt;404&gt;" type="org.opentest4j.AssertionFailedError"><![CDATA[org.opentest4j.AssertionFailedError: expected: <200> but was: <404>
	at org.junit.jupiter.api.AssertionFailureBuilder.build(AssertionFailureBuilder.java:151)
	at org.junit.jupiter.api.AssertionFailureBuilder.buildAndThrow(AssertionFailureBuilder.java:132)
	at org.junit.jupiter.api.AssertEquals.failNotEqual(AssertEquals.java:197)
	at org.junit.jupiter.api.AssertEquals.assertEquals(AssertEquals.java:150)
	at org.junit.jupiter.api.AssertEquals.assertEquals(AssertEquals.java:145)
	at org.junit.jupiter.api.Assertions.assertEquals(Assertions.java:531)
	at sv.edu.ues.occ.ingenieria.tpi135_2025.boundary.resources.rest.ProductoDetalleResourceIT.testGetBean(ProductoDetalleResourceIT.java:128)
	at java.base/java.lang.reflect.Method.invoke(Method.java:580)
	at java.base/java.util.ArrayList.forEach(ArrayList.java:1596)
	at java.base/java.util.ArrayList.forEach(ArrayList.java:1596)
]]></failure>
    <system-out><![CDATA[ProductoDetalle  testSI getBean
]]></system-out>
  </testcase>
  <testcase name="testUpdate" classname="sv.edu.ues.occ.ingenieria.tpi135_2025.boundary.resources.rest.ProductoDetalleResourceIT" time="0.006">
    <failure message="expected: &lt;200&gt; but was: &lt;404&gt;" type="org.opentest4j.AssertionFailedError"><![CDATA[org.opentest4j.AssertionFailedError: expected: <200> but was: <404>
	at org.junit.jupiter.api.AssertionFailureBuilder.build(AssertionFailureBuilder.java:151)
	at org.junit.jupiter.api.AssertionFailureBuilder.buildAndThrow(AssertionFailureBuilder.java:132)
	at org.junit.jupiter.api.AssertEquals.failNotEqual(AssertEquals.java:197)
	at org.junit.jupiter.api.AssertEquals.assertEquals(AssertEquals.java:150)
	at org.junit.jupiter.api.AssertEquals.assertEquals(AssertEquals.java:145)
	at org.junit.jupiter.api.Assertions.assertEquals(Assertions.java:531)
	at sv.edu.ues.occ.ingenieria.tpi135_2025.boundary.resources.rest.ProductoDetalleResourceIT.testUpdate(ProductoDetalleResourceIT.java:175)
	at java.base/java.lang.reflect.Method.invoke(Method.java:580)
	at java.base/java.util.ArrayList.forEach(ArrayList.java:1596)
	at java.base/java.util.ArrayList.forEach(ArrayList.java:1596)
]]></failure>
    <system-out><![CDATA[ProductoDetalle  testSI update
]]></system-out>
  </testcase>
  <testcase name="testDelete" classname="sv.edu.ues.occ.ingenieria.tpi135_2025.boundary.resources.rest.ProductoDetalleResourceIT" time="0.003">
    <failure message="expected: &lt;200&gt; but was: &lt;404&gt;" type="org.opentest4j.AssertionFailedError"><![CDATA[org.opentest4j.AssertionFailedError: expected: <200> but was: <404>
	at org.junit.jupiter.api.AssertionFailureBuilder.build(AssertionFailureBuilder.java:151)
	at org.junit.jupiter.api.AssertionFailureBuilder.buildAndThrow(AssertionFailureBuilder.java:132)
	at org.junit.jupiter.api.AssertEquals.failNotEqual(AssertEquals.java:197)
	at org.junit.jupiter.api.AssertEquals.assertEquals(AssertEquals.java:150)
	at org.junit.jupiter.api.AssertEquals.assertEquals(AssertEquals.java:145)
	at org.junit.jupiter.api.Assertions.assertEquals(Assertions.java:531)
	at sv.edu.ues.occ.ingenieria.tpi135_2025.boundary.resources.rest.ProductoDetalleResourceIT.testDelete(ProductoDetalleResourceIT.java:211)
	at java.base/java.lang.reflect.Method.invoke(Method.java:580)
	at java.base/java.util.ArrayList.forEach(ArrayList.java:1596)
	at java.base/java.util.ArrayList.forEach(ArrayList.java:1596)
]]></failure>
    <system-out><![CDATA[ProductoDetalle  testSIdelete
]]></system-out>
  </testcase>
</testsuite>